{"meta": {"format": 3, "version": "7.16.1", "timestamp": "2026-09-15T19:33:06.432806", "branch_coverage": false, "show_contexts": false}, "files": {"core/snapvault/__init__.py": {"executed_lines": [7, 8, 9], "summary": {"covered_lines": 3, "num_statements": 3, "percent_covered": 100.0, "percent_covered_display": "100", "missing_lines": 0, "excluded_lines": 0, "percent_statements_covered": 100.0, "percent_statements_covered_display": "100"}, "missing_lines": [], "excluded_lines": [], "functions": {"": {"executed_lines": [7, 8, 9], "summary": {"covered_lines": 3, "num_statements": 3, "percent_covered": 100.0, "percent_covered_display": "100", "missing_lines": 0, "excluded_lines": 0, "percent_statements_covered": 100.0, "percent_statements_covered_display": "100"}, "missing_lines": [], "excluded_lines": [], "start_line": 1}}, "classes": {"": {"executed_lines": [7, 8, 9], "summary": {"covered_lines": 3, "num_statements": 3, "percent_covered": 100.0, "percent_covered_display": "100", "missing_lines": 0, "excluded_lines": 0, "percent_statements_covered": 100.0, "percent_statements_covered_display": "100"}, "missing_lines": [], "excluded_lines": [], "start_line": 1}}}, "core/snapvault/annotations.py": {"executed_lines": [6, 8, 9, 10, 11, 12, 14, 15, 17, 18, 20, 23, 24, 25, 26, 27, 28, 29, 30, 31, 32, 33, 35, 36, 48, 49, 50, 51, 52, 53, 54, 67, 70, 72, 73, 74, 75, 76, 79, 80, 81, 83, 84, 86, 87, 88, 89, 90, 93, 94, 95, 97, 98, 99, 100, 101, 102, 103, 106, 107, 108, 109, 110, 111, 112, 114, 115, 116, 117, 120, 121, 122, 123, 124, 125, 127, 128, 129, 130, 131, 132, 134, 137, 138, 141, 142, 149, 150, 151, 152, 153, 154, 155, 157, 162, 168, 169, 170, 173, 175, 177, 178, 179, 181, 182, 183, 184, 188, 189, 190, 191, 192, 193, 194, 195, 196, 198, 199, 200, 202, 203, 204, 205, 206, 207, 208, 209, 210, 211, 212, 219, 220, 221, 223, 226, 228, 230, 231, 232, 233, 234, 235, 236, 237, 238, 245, 246, 247, 248, 250, 251, 252, 253, 254, 255, 257, 258, 260, 261, 269, 270, 271], "summary": {"covered_lines": 162, "num_statements": 168, "percent_covered": 96.42857142857143, "percent_covered_display": "96", "missing_lines": 6, "excluded_lines": 0, "percent_statements_covered": 96.42857142857143, "percent_statements_covered_display": "96"}, "missing_lines": [104, 135, 156, 185, 186, 217], "excluded_lines": [], "functions": {"Element.to_dict": {"executed_lines": [36], "summary": {"covered_lines": 1, "num_statements": 1, "percent_covered": 100.0, "percent_covered_display": "100", "missing_lines": 0, "excluded_lines": 0, "percent_statements_covered": 100.0, "percent_statements_covered_display": "100"}, "missing_lines": [], "excluded_lines": [], "start_line": 35}, "Element.from_dict": {"executed_lines": [50, 51, 52, 53, 54], "summary": {"covered_lines": 5, "num_statements": 5, "percent_covered": 100.0, "percent_covered_display": "100", "missing_lines": 0, "excluded_lines": 0, "percent_statements_covered": 100.0, "percent_statements_covered_display": "100"}, "missing_lines": [], "excluded_lines": [], "start_line": 49}, "AnnotationModel.__init__": {"executed_lines": [72, 73, 74, 75, 76], "summary": {"covered_lines": 5, "num_statements": 5, "percent_covered": 100.0, "percent_covered_display": "100", "missing_lines": 0, "excluded_lines": 0, "percent_statements_covered": 100.0, "percent_statements_covered_display": "100"}, "missing_lines": [], "excluded_lines": [], "start_line": 70}, "AnnotationModel.elements": {"executed_lines": [81], "summary": {"covered_lines": 1, "num_statements": 1, "percent_covered": 100.0, "percent_covered_display": "100", "missing_lines": 0, "excluded_lines": 0, "percent_statements_covered": 100.0, "percent_statements_covered_display": "100"}, "missing_lines": [], "excluded_lines": [], "start_line": 80}, "AnnotationModel._snapshot": {"executed_lines": [84], "summary": {"covered_lines": 1, "num_statements": 1, "percent_covered": 100.0, "percent_covered_display": "100", "missing_lines": 0, "excluded_lines": 0, "percent_statements_covered": 100.0, "percent_statements_covered_display": "100"}, "missing_lines": [], "excluded_lines": [], "start_line": 83}, "AnnotationModel._commit": {"executed_lines": [87, 88, 89, 90], "summary": {"covered_lines": 4, "num_statements": 4, "percent_covered": 100.0, "percent_covered_display": "100", "missing_lines": 0, "excluded_lines": 0, "percent_statements_covered": 100.0, "percent_statements_covered_display": "100"}, "missing_lines": [], "excluded_lines": [], "start_line": 86}, "AnnotationModel.add": {"executed_lines": [94, 95], "summary": {"covered_lines": 2, "num_statements": 2, "percent_covered": 100.0, "percent_covered_display": "100", "missing_lines": 0, "excluded_lines": 0, "percent_statements_covered": 100.0, "percent_statements_covered_display": "100"}, "missing_lines": [], "excluded_lines": [], "start_line": 93}, "AnnotationModel.update": {"executed_lines": [98, 99, 100, 101, 102, 103], "summary": {"covered_lines": 6, "num_statements": 7, "percent_covered": 85.71428571428571, "percent_covered_display": "86", "missing_lines": 1, "excluded_lines": 0, "percent_statements_covered": 85.71428571428571, "percent_statements_covered_display": "86"}, "missing_lines": [104], "excluded_lines": [], "start_line": 97}, "AnnotationModel.remove": {"executed_lines": [107, 108, 109, 110, 111, 112], "summary": {"covered_lines": 6, "num_statements": 6, "percent_covered": 100.0, "percent_covered_display": "100", "missing_lines": 0, "excluded_lines": 0, "percent_statements_covered": 100.0, "percent_statements_covered_display": "100"}, "missing_lines": [], "excluded_lines": [], "start_line": 106}, "AnnotationModel.clear": {"executed_lines": [115, 116, 117], "summary": {"covered_lines": 3, "num_statements": 3, "percent_covered": 100.0, "percent_covered_display": "100", "missing_lines": 0, "excluded_lines": 0, "percent_statements_covered": 100.0, "percent_statements_covered_display": "100"}, "missing_lines": [], "excluded_lines": [], "start_line": 114}, "AnnotationModel.undo": {"executed_lines": [121, 122, 123, 124, 125], "summary": {"covered_lines": 5, "num_statements": 5, "percent_covered": 100.0, "percent_covered_display": "100", "missing_lines": 0, "excluded_lines": 0, "percent_statements_covered": 100.0, "percent_statements_covered_display": "100"}, "missing_lines": [], "excluded_lines": [], "start_line": 120}, "AnnotationModel.redo": {"executed_lines": [128, 129, 130, 131, 132], "summary": {"covered_lines": 5, "num_statements": 5, "percent_covered": 100.0, "percent_covered_display": "100", "missing_lines": 0, "excluded_lines": 0, "percent_statements_covered": 100.0, "percent_statements_covered_display": "100"}, "missing_lines": [], "excluded_lines": [], "start_line": 127}, "AnnotationModel.undo_depth": {"executed_lines": [], "summary": {"covered_lines": 0, "num_statements": 1, "percent_covered": 0.0, "percent_covered_display": "0", "missing_lines": 1, "excluded_lines": 0, "percent_statements_covered": 0.0, "percent_statements_covered_display": "0"}, "missing_lines": [135], "excluded_lines": [], "start_line": 134}, "AnnotationModel.redo_depth": {"executed_lines": [138], "summary": {"covered_lines": 1, "num_statements": 1, "percent_covered": 100.0, "percent_covered_display": "100", "missing_lines": 0, "excluded_lines": 0, "percent_statements_covered": 100.0, "percent_statements_covered_display": "100"}, "missing_lines": [], "excluded_lines": [], "start_line": 137}, "AnnotationModel.to_json": {"executed_lines": [142], "summary": {"covered_lines": 1, "num_statements": 1, "percent_covered": 100.0, "percent_covered_display": "100", "missing_lines": 0, "excluded_lines": 0, "percent_statements_covered": 100.0, "percent_statements_covered_display": "100"}, "missing_lines": [], "excluded_lines": [], "start_line": 141}, "AnnotationModel.from_json": {"executed_lines": [151, 152, 153, 154, 155, 157, 162], "summary": {"covered_lines": 7, "num_statements": 8, "percent_covered": 87.5, "percent_covered_display": "88", "missing_lines": 1, "excluded_lines": 0, "percent_statements_covered": 87.5, "percent_statements_covered_display": "88"}, "missing_lines": [156], "excluded_lines": [], "start_line": 150}, "_color": {"executed_lines": [169, 170], "summary": {"covered_lines": 2, "num_statements": 2, "percent_covered": 100.0, "percent_covered_display": "100", "missing_lines": 0, "excluded_lines": 0, "percent_statements_covered": 100.0, "percent_statements_covered_display": "100"}, "missing_lines": [], "excluded_lines": [], "start_line": 168}, "rasterize": {"executed_lines": [175, 177, 178, 179, 181, 182, 183, 184, 188, 189, 190, 191, 192, 193, 194, 195, 196, 198, 199, 200, 202, 203, 204, 205, 206, 207, 208, 209, 210, 211, 212, 219, 220, 221, 223], "summary": {"covered_lines": 35, "num_statements": 38, "percent_covered": 92.10526315789474, "percent_covered_display": "92", "missing_lines": 3, "excluded_lines": 0, "percent_statements_covered": 92.10526315789474, "percent_statements_covered_display": "92"}, "missing_lines": [185, 186, 217], "excluded_lines": [], "start_line": 173}, "_draw_arrow": {"executed_lines": [228, 230, 231, 232, 233, 234, 235, 236, 237, 238], "summary": {"covered_lines": 10, "num_statements": 10, "percent_covered": 100.0, "percent_covered_display": "100", "missing_lines": 0, "excluded_lines": 0, "percent_statements_covered": 100.0, "percent_statements_covered_display": "100"}, "missing_lines": [], "excluded_lines": [], "start_line": 226}, "AnnotationStore.__init__": {"executed_lines": [247, 248], "summary": {"covered_lines": 2, "num_statements": 2, "percent_covered": 100.0, "percent_covered_display": "100", "missing_lines": 0, "excluded_lines": 0, "percent_statements_covered": 100.0, "percent_statements_covered_display": "100"}, "missing_lines": [], "excluded_lines": [], "start_line": 246}, "AnnotationStore.get_model": {"executed_lines": [251, 252, 253, 254, 255], "summary": {"covered_lines": 5, "num_statements": 5, "percent_covered": 100.0, "percent_covered_display": "100", "missing_lines": 0, "excluded_lines": 0, "percent_statements_covered": 100.0, "percent_statements_covered_display": "100"}, "missing_lines": [], "excluded_lines": [], "start_line": 250}, "AnnotationStore.save_model": {"executed_lines": [258, 260, 261], "summary": {"covered_lines": 3, "num_statements": 3, "percent_covered": 100.0, "percent_covered_display": "100", "missing_lines": 0, "excluded_lines": 0, "percent_statements_covered": 100.0, "percent_statements_covered_display": "100"}, "missing_lines": [], "excluded_lines": [], "start_line": 257}, "AnnotationStore.delete": {"executed_lines": [270, 271], "summary": {"covered_lines": 2, "num_statements": 2, "percent_covered": 100.0, "percent_covered_display": "100", "missing_lines": 0, "excluded_lines": 0, "percent_statements_covered": 100.0, "percent_statements_covered_display": "100"}, "missing_lines": [], "excluded_lines": [], "start_line": 269}, "": {"executed_lines": [6, 8, 9, 10, 11, 12, 14, 15, 17, 18, 20, 23, 24, 25, 26, 27, 28, 29, 30, 31, 32, 33, 35, 48, 49, 67, 70, 79, 80, 83, 86, 93, 97, 106, 114, 120, 127, 134, 137, 141, 149, 150, 168, 173, 226, 245, 246, 250, 257, 269], "summary": {"covered_lines": 50, "num_statements": 50, "percent_covered": 100.0, "percent_covered_display": "100", "missing_lines": 0, "excluded_lines": 0, "percent_statements_covered": 100.0, "percent_statements_covered_display": "100"}, "missing_lines": [], "excluded_lines": [], "start_line": 1}}, "classes": {"Element": {"executed_lines": [36, 50, 51, 52, 53, 54], "summary": {"covered_lines": 6, "num_statements": 6, "percent_covered": 100.0, "percent_covered_display": "100", "missing_lines": 0, "excluded_lines": 0, "percent_statements_covered": 100.0, "percent_statements_covered_display": "100"}, "missing_lines": [], "excluded_lines": [], "start_line": 24}, "AnnotationModel": {"executed_lines": [72, 73, 74, 75, 76, 81, 84, 87, 88, 89, 90, 94, 95, 98, 99, 100, 101, 102, 103, 107, 108, 109, 110, 111, 112, 115, 116, 117, 121, 122, 123, 124, 125, 128, 129, 130, 131, 132, 138, 142, 151, 152, 153, 154, 155, 157, 162], "summary": {"covered_lines": 47, "num_statements": 50, "percent_covered": 94.0, "percent_covered_display": "94", "missing_lines": 3, "excluded_lines": 0, "percent_statements_covered": 94.0, "percent_statements_covered_display": "94"}, "missing_lines": [104, 135, 156], "excluded_lines": [], "start_line": 67}, "AnnotationStore": {"executed_lines": [247, 248, 251, 252, 253, 254, 255, 258, 260, 261, 270, 271], "summary": {"covered_lines": 12, "num_statements": 12, "percent_covered": 100.0, "percent_covered_display": "100", "missing_lines": 0, "excluded_lines": 0, "percent_statements_covered": 100.0, "percent_statements_covered_display": "100"}, "missing_lines": [], "excluded_lines": [], "start_line": 245}, "": {"executed_lines": [6, 8, 9, 10, 11, 12, 14, 15, 17, 18, 20, 23, 24, 25, 26, 27, 28, 29, 30, 31, 32, 33, 35, 48, 49, 67, 70, 79, 80, 83, 86, 93, 97, 106, 114, 120, 127, 134, 137, 141, 149, 150, 168, 169, 170, 173, 175, 177, 178, 179, 181, 182, 183, 184, 188, 189, 190, 191, 192, 193, 194, 195, 196, 198, 199, 200, 202, 203, 204, 205, 206, 207, 208, 209, 210, 211, 212, 219, 220, 221, 223, 226, 228, 230, 231, 232, 233, 234, 235, 236, 237, 238, 245, 246, 250, 257, 269], "summary": {"covered_lines": 97, "num_statements": 100, "percent_covered": 97.0, "percent_covered_display": "97", "missing_lines": 3, "excluded_lines": 0, "percent_statements_covered": 97.0, "percent_statements_covered_display": "97"}, "missing_lines": [185, 186, 217], "excluded_lines": [], "start_line": 1}}}, "core/snapvault/backup.py": {"executed_lines": [7, 9, 10, 11, 12, 13, 14, 15, 16, 18, 19, 20, 21, 22, 23, 25, 27, 30, 31, 32, 33, 34, 35, 36, 39, 40, 41, 42, 47, 48, 49, 50, 52, 54, 55, 56, 58, 59, 60, 62, 63, 64, 65, 70, 77, 78, 80, 81, 83, 84, 85, 86, 87, 88, 90, 92, 93, 97, 98, 100, 102, 104, 105, 109, 113, 114, 115, 116, 118, 119, 122, 124, 130, 132, 135, 136, 138, 140, 141, 142, 143, 145, 146, 147, 150, 151, 152, 153, 154, 155, 156, 157, 158, 165, 166, 167, 169, 170, 171, 174, 175, 176, 179, 180, 181, 186, 188, 189, 190, 192, 193, 194, 195, 196, 197, 198, 199, 200, 201, 202, 203, 204, 205, 206, 208, 209, 210, 211, 212, 213, 215, 216, 218, 221, 222, 223, 224, 225, 227, 229, 230, 231, 232, 233, 234, 235, 236, 237, 239, 240], "summary": {"covered_lines": 150, "num_statements": 167, "percent_covered": 89.82035928143712, "percent_covered_display": "90", "missing_lines": 17, "excluded_lines": 0, "percent_statements_covered": 89.82035928143712, "percent_statements_covered_display": "90"}, "missing_lines": [110, 111, 117, 120, 121, 139, 159, 160, 161, 162, 163, 172, 177, 207, 214, 226, 238], "excluded_lines": [], "functions": {"BackupManager.__init__": {"executed_lines": [41, 42], "summary": {"covered_lines": 2, "num_statements": 2, "percent_covered": 100.0, "percent_covered_display": "100", "missing_lines": 0, "excluded_lines": 0, "percent_statements_covered": 100.0, "percent_statements_covered_display": "100"}, "missing_lines": [], "excluded_lines": [], "start_line": 40}, "BackupManager.create_snapshot": {"executed_lines": [48, 49, 50, 52, 54, 55, 56, 58, 59, 60, 62, 63, 64, 65, 70, 77, 78, 80, 81, 83, 84, 85, 86, 87, 88, 90, 92, 93, 97, 98, 100], "summary": {"covered_lines": 31, "num_statements": 31, "percent_covered": 100.0, "percent_covered_display": "100", "missing_lines": 0, "excluded_lines": 0, "percent_statements_covered": 100.0, "percent_statements_covered_display": "100"}, "missing_lines": [], "excluded_lines": [], "start_line": 47}, "BackupManager._prune": {"executed_lines": [104, 105, 109], "summary": {"covered_lines": 3, "num_statements": 5, "percent_covered": 60.0, "percent_covered_display": "60", "missing_lines": 2, "excluded_lines": 0, "percent_statements_covered": 60.0, "percent_statements_covered_display": "60"}, "missing_lines": [110, 111], "excluded_lines": [], "start_line": 102}, "BackupManager.list_snapshots": {"executed_lines": [114, 115, 116, 118, 119, 122, 124, 130], "summary": {"covered_lines": 8, "num_statements": 11, "percent_covered": 72.72727272727273, "percent_covered_display": "73", "missing_lines": 3, "excluded_lines": 0, "percent_statements_covered": 72.72727272727273, "percent_statements_covered_display": "73"}, "missing_lines": [117, 120, 121], "excluded_lines": [], "start_line": 113}, "BackupManager.restore_snapshot": {"executed_lines": [135, 136, 138, 140, 141, 142, 143, 145, 146, 147, 150, 151, 152, 153, 154, 155, 156, 157, 158, 165, 166, 167, 169, 170, 171, 174, 175, 176, 179, 180, 181], "summary": {"covered_lines": 31, "num_statements": 39, "percent_covered": 79.48717948717949, "percent_covered_display": "79", "missing_lines": 8, "excluded_lines": 0, "percent_statements_covered": 79.48717948717949, "percent_statements_covered_display": "79"}, "missing_lines": [139, 159, 160, 161, 162, 163, 172, 177], "excluded_lines": [], "start_line": 132}, "BackupManager.export_library": {"executed_lines": [188, 189, 190, 192, 193, 194, 195, 196, 197, 198, 199, 200, 201, 202, 203, 204, 205, 206, 208, 209, 210, 211, 212, 213, 215, 216], "summary": {"covered_lines": 26, "num_statements": 28, "percent_covered": 92.85714285714286, "percent_covered_display": "93", "missing_lines": 2, "excluded_lines": 0, "percent_statements_covered": 92.85714285714286, "percent_statements_covered_display": "93"}, "missing_lines": [207, 214], "excluded_lines": [], "start_line": 186}, "BackupManager.import_library": {"executed_lines": [221, 222, 223, 224, 225, 227, 229, 230, 231, 232, 233, 234, 235, 236, 237, 239, 240], "summary": {"covered_lines": 17, "num_statements": 19, "percent_covered": 89.47368421052632, "percent_covered_display": "89", "missing_lines": 2, "excluded_lines": 0, "percent_statements_covered": 89.47368421052632, "percent_statements_covered_display": "89"}, "missing_lines": [226, 238], "excluded_lines": [], "start_line": 218}, "": {"executed_lines": [7, 9, 10, 11, 12, 13, 14, 15, 16, 18, 19, 20, 21, 22, 23, 25, 27, 30, 31, 32, 33, 34, 35, 36, 39, 40, 47, 102, 113, 132, 186, 218], "summary": {"covered_lines": 32, "num_statements": 32, "percent_covered": 100.0, "percent_covered_display": "100", "missing_lines": 0, "excluded_lines": 0, "percent_statements_covered": 100.0, "percent_statements_covered_display": "100"}, "missing_lines": [], "excluded_lines": [], "start_line": 1}}, "classes": {"BackupInfo": {"executed_lines": [], "summary": {"covered_lines": 0, "num_statements": 0, "percent_covered": 100.0, "percent_covered_display": "100", "missing_lines": 0, "excluded_lines": 0, "percent_statements_covered": 100.0, "percent_statements_covered_display": "100"}, "missing_lines": [], "excluded_lines": [], "start_line": 31}, "BackupManager": {"executed_lines": [41, 42, 48, 49, 50, 52, 54, 55, 56, 58, 59, 60, 62, 63, 64, 65, 70, 77, 78, 80, 81, 83, 84, 85, 86, 87, 88, 90, 92, 93, 97, 98, 100, 104, 105, 109, 114, 115, 116, 118, 119, 122, 124, 130, 135, 136, 138, 140, 141, 142, 143, 145, 146, 147, 150, 151, 152, 153, 154, 155, 156, 157, 158, 165, 166, 167, 169, 170, 171, 174, 175, 176, 179, 180, 181, 188, 189, 190, 192, 193, 194, 195, 196, 197, 198, 199, 200, 201, 202, 203, 204, 205, 206, 208, 209, 210, 211, 212, 213, 215, 216, 221, 222, 223, 224, 225, 227, 229, 230, 231, 232, 233, 234, 235, 236, 237, 239, 240], "summary": {"covered_lines": 118, "num_statements": 135, "percent_covered": 87.4074074074074, "percent_covered_display": "87", "missing_lines": 17, "excluded_lines": 0, "percent_statements_covered": 87.4074074074074, "percent_statements_covered_display": "87"}, "missing_lines": [110, 111, 117, 120, 121, 139, 159, 160, 161, 162, 163, 172, 177, 207, 214, 226, 238], "excluded_lines": [], "start_line": 39}, "": {"executed_lines": [7, 9, 10, 11, 12, 13, 14, 15, 16, 18, 19, 20, 21, 22, 23, 25, 27, 30, 31, 32, 33, 34, 35, 36, 39, 40, 47, 102, 113, 132, 186, 218], "summary": {"covered_lines": 32, "num_statements": 32, "percent_covered": 100.0, "percent_covered_display": "100", "missing_lines": 0, "excluded_lines": 0, "percent_statements_covered": 100.0, "percent_statements_covered_display": "100"}, "missing_lines": [], "excluded_lines": [], "start_line": 1}}}, "core/snapvault/cli.py": {"executed_lines": [25, 27, 28, 29, 30, 32, 33, 34, 35, 38, 39, 42, 58, 59, 60, 62, 63, 64, 65, 66, 67, 68, 69, 72, 73, 74, 75, 77, 80, 81, 82, 83, 86, 87, 90, 91, 92, 93, 94, 96, 97, 100, 101, 102, 103, 104, 106, 108, 110, 113, 114, 115, 120, 121, 124, 125, 126, 127, 128, 129, 134, 135, 138, 139, 140, 141, 142, 143, 144, 149, 150, 153, 154, 155, 156, 157, 158, 159, 160, 161, 162, 165, 166, 167, 168, 169, 170, 171, 174, 175, 176, 177, 178, 187, 188, 191, 192, 193, 194, 195, 196, 197, 198, 199, 202, 203, 204, 205, 206, 207, 208, 209, 210, 215, 216, 219, 220, 221, 222, 223, 224, 225, 226, 228, 229, 230, 231, 232, 233, 236, 237, 238, 239, 240, 245, 246, 247, 248, 249, 250, 251, 252, 254, 255, 258, 259, 260, 261, 262, 263, 264, 265, 266, 267, 268, 271, 272, 274, 275, 276, 277, 278, 279, 283, 284, 285, 286, 287, 288, 299, 300, 303, 304, 306, 307, 308, 309, 311, 317, 318, 319, 320, 321, 322, 323, 324, 326, 329, 330, 333, 334, 335, 336, 338, 340, 343, 344, 347, 348, 349, 350, 351, 352, 355, 356, 359, 360, 361, 362, 363, 364, 367, 368, 371, 381, 382, 383, 384, 385, 387, 388, 391, 392, 393, 394, 395, 397, 398, 401, 402, 403, 404, 405, 406, 412, 413, 416, 417, 418, 419, 420, 421, 422, 423, 424, 425, 428, 429, 430, 431, 432, 433, 434, 435, 436, 437, 449, 450, 453, 454, 455, 456, 457, 458, 460, 463, 480, 492, 493, 495, 496, 502, 503, 505, 507, 509, 510, 512, 513, 514, 515, 516, 517, 519, 520, 521, 523, 524, 525, 526, 527, 528, 529, 530, 531, 532, 534, 535, 536, 537, 538, 540, 541, 542, 544, 545, 546, 548, 549, 550, 552, 553, 554, 556, 557, 558, 560, 561, 562, 563, 564, 565, 566, 568, 569, 570, 571, 572, 573, 574, 575, 576, 578, 579, 580, 582, 583, 585, 586, 587, 588, 590, 591, 592, 594, 595, 596, 597, 599, 600, 601, 603, 604, 605, 607, 608, 610, 611, 612, 613, 614, 615, 617, 618, 619, 621, 622, 623, 626, 627, 628, 629, 638], "summary": {"covered_lines": 373, "num_statements": 463, "percent_covered": 80.56155507559396, "percent_covered_display": "81", "missing_lines": 90, "excluded_lines": 0, "percent_statements_covered": 80.56155507559396, "percent_statements_covered_display": "81"}, "missing_lines": [43, 44, 45, 46, 47, 49, 50, 51, 52, 84, 105, 107, 109, 111, 112, 117, 118, 131, 132, 146, 147, 172, 179, 180, 181, 182, 184, 185, 211, 212, 213, 241, 243, 280, 281, 289, 290, 292, 293, 294, 295, 296, 297, 310, 327, 341, 372, 373, 374, 375, 377, 378, 408, 409, 410, 438, 439, 440, 441, 442, 443, 444, 446, 447, 464, 466, 467, 468, 469, 471, 472, 473, 474, 476, 477, 481, 483, 484, 485, 486, 487, 488, 489, 630, 631, 632, 633, 634, 635, 639], "excluded_lines": [], "functions": {"_json_dump": {"executed_lines": [39], "summary": {"covered_lines": 1, "num_statements": 1, "percent_covered": 100.0, "percent_covered_display": "100", "missing_lines": 0, "excluded_lines": 0, "percent_statements_covered": 100.0, "percent_statements_covered_display": "100"}, "missing_lines": [], "excluded_lines": [], "start_line": 38}, "_print_hits": {"executed_lines": [], "summary": {"covered_lines": 0, "num_statements": 9, "percent_covered": 0.0, "percent_covered_display": "0", "missing_lines": 9, "excluded_lines": 0, "percent_statements_covered": 0.0, "percent_statements_covered_display": "0"}, "missing_lines": [43, 44, 45, 46, 47, 49, 50, 51, 52], "excluded_lines": [], "start_line": 42}, "cmd_init": {"executed_lines": [59, 60, 62, 63, 64, 65, 66, 67, 68, 69], "summary": {"covered_lines": 10, "num_statements": 10, "percent_covered": 100.0, "percent_covered_display": "100", "missing_lines": 0, "excluded_lines": 0, "percent_statements_covered": 100.0, "percent_statements_covered_display": "100"}, "missing_lines": [], "excluded_lines": [], "start_line": 58}, "cmd_import": {"executed_lines": [73, 74, 75, 77, 80, 81, 82, 83, 86, 87], "summary": {"covered_lines": 10, "num_statements": 11, "percent_covered": 90.9090909090909, "percent_covered_display": "91", "missing_lines": 1, "excluded_lines": 0, "percent_statements_covered": 90.9090909090909, "percent_statements_covered_display": "91"}, "missing_lines": [84], "excluded_lines": [], "start_line": 72}, "cmd_process": {"executed_lines": [91, 92, 93, 94, 96, 97], "summary": {"covered_lines": 6, "num_statements": 6, "percent_covered": 100.0, "percent_covered_display": "100", "missing_lines": 0, "excluded_lines": 0, "percent_statements_covered": 100.0, "percent_statements_covered_display": "100"}, "missing_lines": [], "excluded_lines": [], "start_line": 90}, "cmd_search": {"executed_lines": [101, 102, 103, 104, 106, 108, 110, 113, 114, 115, 120, 121], "summary": {"covered_lines": 12, "num_statements": 19, "percent_covered": 63.1578947368421, "percent_covered_display": "63", "missing_lines": 7, "excluded_lines": 0, "percent_statements_covered": 63.1578947368421, "percent_statements_covered_display": "63"}, "missing_lines": [105, 107, 109, 111, 112, 117, 118], "excluded_lines": [], "start_line": 100}, "cmd_similar": {"executed_lines": [125, 126, 127, 128, 129, 134, 135], "summary": {"covered_lines": 7, "num_statements": 9, "percent_covered": 77.77777777777777, "percent_covered_display": "78", "missing_lines": 2, "excluded_lines": 0, "percent_statements_covered": 77.77777777777777, "percent_statements_covered_display": "78"}, "missing_lines": [131, 132], "excluded_lines": [], "start_line": 124}, "cmd_stats": {"executed_lines": [139, 140, 141, 142, 143, 144, 149, 150], "summary": {"covered_lines": 8, "num_statements": 10, "percent_covered": 80.0, "percent_covered_display": "80", "missing_lines": 2, "excluded_lines": 0, "percent_statements_covered": 80.0, "percent_statements_covered_display": "80"}, "missing_lines": [146, 147], "excluded_lines": [], "start_line": 138}, "_tag_args": {"executed_lines": [154, 155, 156, 157, 158, 159, 160, 161, 162], "summary": {"covered_lines": 9, "num_statements": 9, "percent_covered": 100.0, "percent_covered_display": "100", "missing_lines": 0, "excluded_lines": 0, "percent_statements_covered": 100.0, "percent_statements_covered_display": "100"}, "missing_lines": [], "excluded_lines": [], "start_line": 153}, "cmd_tag": {"executed_lines": [166, 167, 168, 169, 170, 171, 174, 175, 176, 177, 178, 187, 188], "summary": {"covered_lines": 13, "num_statements": 20, "percent_covered": 65.0, "percent_covered_display": "65", "missing_lines": 7, "excluded_lines": 0, "percent_statements_covered": 65.0, "percent_statements_covered_display": "65"}, "missing_lines": [172, 179, 180, 181, 182, 184, 185], "excluded_lines": [], "start_line": 165}, "_note_args": {"executed_lines": [192, 193, 194, 195, 196, 197, 198, 199], "summary": {"covered_lines": 8, "num_statements": 8, "percent_covered": 100.0, "percent_covered_display": "100", "missing_lines": 0, "excluded_lines": 0, "percent_statements_covered": 100.0, "percent_statements_covered_display": "100"}, "missing_lines": [], "excluded_lines": [], "start_line": 191}, "cmd_note": {"executed_lines": [203, 204, 205, 206, 207, 208, 209, 210, 215, 216], "summary": {"covered_lines": 10, "num_statements": 13, "percent_covered": 76.92307692307692, "percent_covered_display": "77", "missing_lines": 3, "excluded_lines": 0, "percent_statements_covered": 76.92307692307692, "percent_statements_covered_display": "77"}, "missing_lines": [211, 212, 213], "excluded_lines": [], "start_line": 202}, "_field_args": {"executed_lines": [220, 221, 222, 223, 224, 225, 226, 228, 229, 230, 231, 232, 233], "summary": {"covered_lines": 13, "num_statements": 13, "percent_covered": 100.0, "percent_covered_display": "100", "missing_lines": 0, "excluded_lines": 0, "percent_statements_covered": 100.0, "percent_statements_covered_display": "100"}, "missing_lines": [], "excluded_lines": [], "start_line": 219}, "cmd_field": {"executed_lines": [237, 238, 239, 240, 245, 246, 247, 248, 249, 250, 251, 252, 254, 255], "summary": {"covered_lines": 14, "num_statements": 16, "percent_covered": 87.5, "percent_covered_display": "88", "missing_lines": 2, "excluded_lines": 0, "percent_statements_covered": 87.5, "percent_statements_covered_display": "88"}, "missing_lines": [241, 243], "excluded_lines": [], "start_line": 236}, "_annotate_args": {"executed_lines": [259, 260, 261, 262, 263, 264, 265, 266, 267, 268], "summary": {"covered_lines": 10, "num_statements": 10, "percent_covered": 100.0, "percent_covered_display": "100", "missing_lines": 0, "excluded_lines": 0, "percent_statements_covered": 100.0, "percent_statements_covered_display": "100"}, "missing_lines": [], "excluded_lines": [], "start_line": 258}, "cmd_annotate": {"executed_lines": [272, 274, 275, 276, 277, 278, 279, 283, 284, 285, 286, 287, 288, 299, 300], "summary": {"covered_lines": 15, "num_statements": 25, "percent_covered": 60.0, "percent_covered_display": "60", "missing_lines": 10, "excluded_lines": 0, "percent_statements_covered": 60.0, "percent_statements_covered_display": "60"}, "missing_lines": [280, 281, 289, 290, 292, 293, 294, 295, 296, 297], "excluded_lines": [], "start_line": 271}, "cmd_export": {"executed_lines": [304, 306, 307, 308, 309, 311, 317, 318, 319, 320, 321, 322, 323, 324, 326, 329, 330], "summary": {"covered_lines": 17, "num_statements": 19, "percent_covered": 89.47368421052632, "percent_covered_display": "89", "missing_lines": 2, "excluded_lines": 0, "percent_statements_covered": 89.47368421052632, "percent_statements_covered_display": "89"}, "missing_lines": [310, 327], "excluded_lines": [], "start_line": 303}, "cmd_rebuild": {"executed_lines": [334, 335, 336, 338, 340, 343, 344], "summary": {"covered_lines": 7, "num_statements": 8, "percent_covered": 87.5, "percent_covered_display": "88", "missing_lines": 1, "excluded_lines": 0, "percent_statements_covered": 87.5, "percent_statements_covered_display": "88"}, "missing_lines": [341], "excluded_lines": [], "start_line": 333}, "cmd_backup": {"executed_lines": [348, 349, 350, 351, 352, 355, 356], "summary": {"covered_lines": 7, "num_statements": 7, "percent_covered": 100.0, "percent_covered_display": "100", "missing_lines": 0, "excluded_lines": 0, "percent_statements_covered": 100.0, "percent_statements_covered_display": "100"}, "missing_lines": [], "excluded_lines": [], "start_line": 347}, "cmd_backups": {"executed_lines": [360, 361, 362, 363, 364, 367, 368], "summary": {"covered_lines": 7, "num_statements": 7, "percent_covered": 100.0, "percent_covered_display": "100", "missing_lines": 0, "excluded_lines": 0, "percent_statements_covered": 100.0, "percent_statements_covered_display": "100"}, "missing_lines": [], "excluded_lines": [], "start_line": 359}, "cmd_restore": {"executed_lines": [], "summary": {"covered_lines": 0, "num_statements": 6, "percent_covered": 0.0, "percent_covered_display": "0", "missing_lines": 6, "excluded_lines": 0, "percent_statements_covered": 0.0, "percent_statements_covered_display": "0"}, "missing_lines": [372, 373, 374, 375, 377, 378], "excluded_lines": [], "start_line": 371}, "cmd_export_library": {"executed_lines": [382, 383, 384, 385, 387, 388], "summary": {"covered_lines": 6, "num_statements": 6, "percent_covered": 100.0, "percent_covered_display": "100", "missing_lines": 0, "excluded_lines": 0, "percent_statements_covered": 100.0, "percent_statements_covered_display": "100"}, "missing_lines": [], "excluded_lines": [], "start_line": 381}, "cmd_import_library": {"executed_lines": [392, 393, 394, 395, 397, 398], "summary": {"covered_lines": 6, "num_statements": 6, "percent_covered": 100.0, "percent_covered_display": "100", "missing_lines": 0, "excluded_lines": 0, "percent_statements_covered": 100.0, "percent_statements_covered_display": "100"}, "missing_lines": [], "excluded_lines": [], "start_line": 391}, "cmd_privacy": {"executed_lines": [402, 403, 404, 405, 406, 412, 413], "summary": {"covered_lines": 7, "num_statements": 10, "percent_covered": 70.0, "percent_covered_display": "70", "missing_lines": 3, "excluded_lines": 0, "percent_statements_covered": 70.0, "percent_statements_covered_display": "70"}, "missing_lines": [408, 409, 410], "excluded_lines": [], "start_line": 401}, "_trash_args": {"executed_lines": [417, 418, 419, 420, 421, 422, 423, 424, 425], "summary": {"covered_lines": 9, "num_statements": 9, "percent_covered": 100.0, "percent_covered_display": "100", "missing_lines": 0, "excluded_lines": 0, "percent_statements_covered": 100.0, "percent_statements_covered_display": "100"}, "missing_lines": [], "excluded_lines": [], "start_line": 416}, "cmd_trash": {"executed_lines": [429, 430, 431, 432, 433, 434, 435, 436, 437, 449, 450], "summary": {"covered_lines": 11, "num_statements": 20, "percent_covered": 55.0, "percent_covered_display": "55", "missing_lines": 9, "excluded_lines": 0, "percent_statements_covered": 55.0, "percent_statements_covered_display": "55"}, "missing_lines": [438, 439, 440, 441, 442, 443, 444, 446, 447], "excluded_lines": [], "start_line": 428}, "cmd_verify": {"executed_lines": [454, 455, 456, 457, 458, 460], "summary": {"covered_lines": 6, "num_statements": 6, "percent_covered": 100.0, "percent_covered_display": "100", "missing_lines": 0, "excluded_lines": 0, "percent_statements_covered": 100.0, "percent_statements_covered_display": "100"}, "missing_lines": [], "excluded_lines": [], "start_line": 453}, "cmd_screenshot": {"executed_lines": [], "summary": {"covered_lines": 0, "num_statements": 11, "percent_covered": 0.0, "percent_covered_display": "0", "missing_lines": 11, "excluded_lines": 0, "percent_statements_covered": 0.0, "percent_statements_covered_display": "0"}, "missing_lines": [464, 466, 467, 468, 469, 471, 472, 473, 474, 476, 477], "excluded_lines": [], "start_line": 463}, "cmd_serve": {"executed_lines": [], "summary": {"covered_lines": 0, "num_statements": 8, "percent_covered": 0.0, "percent_covered_display": "0", "missing_lines": 8, "excluded_lines": 0, "percent_statements_covered": 0.0, "percent_statements_covered_display": "0"}, "missing_lines": [481, 483, 484, 485, 486, 487, 488, 489], "excluded_lines": [], "start_line": 480}, "cmd_version": {"executed_lines": [493, 495, 496], "summary": {"covered_lines": 3, "num_statements": 3, "percent_covered": 100.0, "percent_covered_display": "100", "missing_lines": 0, "excluded_lines": 0, "percent_statements_covered": 100.0, "percent_statements_covered_display": "100"}, "missing_lines": [], "excluded_lines": [], "start_line": 492}, "build_parser": {"executed_lines": [503, 505, 507, 509, 510, 512, 513, 514, 515, 516, 517, 519, 520, 521, 523, 524, 525, 526, 527, 528, 529, 530, 531, 532, 534, 535, 536, 537, 538, 540, 541, 542, 544, 545, 546, 548, 549, 550, 552, 553, 554, 556, 557, 558, 560, 561, 562, 563, 564, 565, 566, 568, 569, 570, 571, 572, 573, 574, 575, 576, 578, 579, 580, 582, 583, 585, 586, 587, 588, 590, 591, 592, 594, 595, 596, 597, 599, 600, 601, 603, 604, 605, 607, 608, 610, 611, 612, 613, 614, 615, 617, 618, 619, 621, 622, 623], "summary": {"covered_lines": 96, "num_statements": 96, "percent_covered": 100.0, "percent_covered_display": "100", "missing_lines": 0, "excluded_lines": 0, "percent_statements_covered": 100.0, "percent_statements_covered_display": "100"}, "missing_lines": [], "excluded_lines": [], "start_line": 502}, "main": {"executed_lines": [627, 628, 629], "summary": {"covered_lines": 3, "num_statements": 9, "percent_covered": 33.333333333333336, "percent_covered_display": "33", "missing_lines": 6, "excluded_lines": 0, "percent_statements_covered": 33.333333333333336, "percent_statements_covered_display": "33"}, "missing_lines": [630, 631, 632, 633, 634, 635], "excluded_lines": [], "start_line": 626}, "": {"executed_lines": [25, 27, 28, 29, 30, 32, 33, 34, 35, 38, 42, 58, 72, 90, 100, 124, 138, 153, 165, 191, 202, 219, 236, 258, 271, 303, 333, 347, 359, 371, 381, 391, 401, 416, 428, 453, 463, 480, 492, 502, 626, 638], "summary": {"covered_lines": 42, "num_statements": 43, "percent_covered": 97.67441860465117, "percent_covered_display": "98", "missing_lines": 1, "excluded_lines": 0, "percent_statements_covered": 97.67441860465117, "percent_statements_covered_display": "98"}, "missing_lines": [639], "excluded_lines": [], "start_line": 1}}, "classes": {"": {"executed_lines": [25, 27, 28, 29, 30, 32, 33, 34, 35, 38, 39, 42, 58, 59, 60, 62, 63, 64, 65, 66, 67, 68, 69, 72, 73, 74, 75, 77, 80, 81, 82, 83, 86, 87, 90, 91, 92, 93, 94, 96, 97, 100, 101, 102, 103, 104, 106, 108, 110, 113, 114, 115, 120, 121, 124, 125, 126, 127, 128, 129, 134, 135, 138, 139, 140, 141, 142, 143, 144, 149, 150, 153, 154, 155, 156, 157, 158, 159, 160, 161, 162, 165, 166, 167, 168, 169, 170, 171, 174, 175, 176, 177, 178, 187, 188, 191, 192, 193, 194, 195, 196, 197, 198, 199, 202, 203, 204, 205, 206, 207, 208, 209, 210, 215, 216, 219, 220, 221, 222, 223, 224, 225, 226, 228, 229, 230, 231, 232, 233, 236, 237, 238, 239, 240, 245, 246, 247, 248, 249, 250, 251, 252, 254, 255, 258, 259, 260, 261, 262, 263, 264, 265, 266, 267, 268, 271, 272, 274, 275, 276, 277, 278, 279, 283, 284, 285, 286, 287, 288, 299, 300, 303, 304, 306, 307, 308, 309, 311, 317, 318, 319, 320, 321, 322, 323, 324, 326, 329, 330, 333, 334, 335, 336, 338, 340, 343, 344, 347, 348, 349, 350, 351, 352, 355, 356, 359, 360, 361, 362, 363, 364, 367, 368, 371, 381, 382, 383, 384, 385, 387, 388, 391, 392, 393, 394, 395, 397, 398, 401, 402, 403, 404, 405, 406, 412, 413, 416, 417, 418, 419, 420, 421, 422, 423, 424, 425, 428, 429, 430, 431, 432, 433, 434, 435, 436, 437, 449, 450, 453, 454, 455, 456, 457, 458, 460, 463, 480, 492, 493, 495, 496, 502, 503, 505, 507, 509, 510, 512, 513, 514, 515, 516, 517, 519, 520, 521, 523, 524, 525, 526, 527, 528, 529, 530, 531, 532, 534, 535, 536, 537, 538, 540, 541, 542, 544, 545, 546, 548, 549, 550, 552, 553, 554, 556, 557, 558, 560, 561, 562, 563, 564, 565, 566, 568, 569, 570, 571, 572, 573, 574, 575, 576, 578, 579, 580, 582, 583, 585, 586, 587, 588, 590, 591, 592, 594, 595, 596, 597, 599, 600, 601, 603, 604, 605, 607, 608, 610, 611, 612, 613, 614, 615, 617, 618, 619, 621, 622, 623, 626, 627, 628, 629, 638], "summary": {"covered_lines": 373, "num_statements": 463, "percent_covered": 80.56155507559396, "percent_covered_display": "81", "missing_lines": 90, "excluded_lines": 0, "percent_statements_covered": 80.56155507559396, "percent_statements_covered_display": "81"}, "missing_lines": [43, 44, 45, 46, 47, 49, 50, 51, 52, 84, 105, 107, 109, 111, 112, 117, 118, 131, 132, 146, 147, 172, 179, 180, 181, 182, 184, 185, 211, 212, 213, 241, 243, 280, 281, 289, 290, 292, 293, 294, 295, 296, 297, 310, 327, 341, 372, 373, 374, 375, 377, 378, 408, 409, 410, 438, 439, 440, 441, 442, 443, 444, 446, 447, 464, 466, 467, 468, 469, 471, 472, 473, 474, 476, 477, 481, 483, 484, 485, 486, 487, 488, 489, 630, 631, 632, 633, 634, 635, 639], "excluded_lines": [], "start_line": 1}}}, "core/snapvault/config.py": {"executed_lines": [11, 13, 14, 15, 16, 18, 20, 21, 22, 25, 26, 27, 28, 29, 30, 31, 33, 52, 55, 56, 57, 58, 61, 62, 63, 64, 67, 68, 72, 73, 75, 76, 77, 78, 86, 88, 90, 91, 92, 93, 94, 98, 99, 101, 102, 104, 105, 107, 108, 110, 111, 113, 114, 116, 117, 121, 122, 123, 125, 126, 127, 128, 130, 135, 139, 140, 141, 143, 144, 147, 148, 151, 152, 153, 155, 156, 157, 159, 160, 161, 163, 164], "summary": {"covered_lines": 82, "num_statements": 101, "percent_covered": 81.18811881188118, "percent_covered_display": "81", "missing_lines": 19, "excluded_lines": 0, "percent_statements_covered": 81.18811881188118, "percent_statements_covered_display": "81"}, "missing_lines": [79, 80, 81, 82, 83, 84, 85, 131, 132, 133, 136, 137, 145, 149, 165, 166, 167, 168, 169], "excluded_lines": [], "functions": {"Config.__init__": {"executed_lines": [56, 57, 58, 61, 62, 63, 64], "summary": {"covered_lines": 7, "num_statements": 7, "percent_covered": 100.0, "percent_covered_display": "100", "missing_lines": 0, "excluded_lines": 0, "percent_statements_covered": 100.0, "percent_statements_covered_display": "100"}, "missing_lines": [], "excluded_lines": [], "start_line": 55}, "Config._ensure_layout": {"executed_lines": [68, 72, 73], "summary": {"covered_lines": 3, "num_statements": 3, "percent_covered": 100.0, "percent_covered_display": "100", "missing_lines": 0, "excluded_lines": 0, "percent_statements_covered": 100.0, "percent_statements_covered_display": "100"}, "missing_lines": [], "excluded_lines": [], "start_line": 67}, "Config._load": {"executed_lines": [76, 77, 78, 86], "summary": {"covered_lines": 4, "num_statements": 11, "percent_covered": 36.36363636363637, "percent_covered_display": "36", "missing_lines": 7, "excluded_lines": 0, "percent_statements_covered": 36.36363636363637, "percent_statements_covered_display": "36"}, "missing_lines": [79, 80, 81, 82, 83, 84, 85], "excluded_lines": [], "start_line": 75}, "Config.save": {"executed_lines": [90, 91, 92, 93, 94], "summary": {"covered_lines": 5, "num_statements": 5, "percent_covered": 100.0, "percent_covered_display": "100", "missing_lines": 0, "excluded_lines": 0, "percent_statements_covered": 100.0, "percent_statements_covered_display": "100"}, "missing_lines": [], "excluded_lines": [], "start_line": 88}, "Config.images_dir": {"executed_lines": [99], "summary": {"covered_lines": 1, "num_statements": 1, "percent_covered": 100.0, "percent_covered_display": "100", "missing_lines": 0, "excluded_lines": 0, "percent_statements_covered": 100.0, "percent_statements_covered_display": "100"}, "missing_lines": [], "excluded_lines": [], "start_line": 98}, "Config.thumbnails_dir": {"executed_lines": [102], "summary": {"covered_lines": 1, "num_statements": 1, "percent_covered": 100.0, "percent_covered_display": "100", "missing_lines": 0, "excluded_lines": 0, "percent_statements_covered": 100.0, "percent_statements_covered_display": "100"}, "missing_lines": [], "excluded_lines": [], "start_line": 101}, "Config.db_path": {"executed_lines": [105], "summary": {"covered_lines": 1, "num_statements": 1, "percent_covered": 100.0, "percent_covered_display": "100", "missing_lines": 0, "excluded_lines": 0, "percent_statements_covered": 100.0, "percent_statements_covered_display": "100"}, "missing_lines": [], "excluded_lines": [], "start_line": 104}, "Config.models_dir": {"executed_lines": [108], "summary": {"covered_lines": 1, "num_statements": 1, "percent_covered": 100.0, "percent_covered_display": "100", "missing_lines": 0, "excluded_lines": 0, "percent_statements_covered": 100.0, "percent_statements_covered_display": "100"}, "missing_lines": [], "excluded_lines": [], "start_line": 107}, "Config.backups_dir": {"executed_lines": [111], "summary": {"covered_lines": 1, "num_statements": 1, "percent_covered": 100.0, "percent_covered_display": "100", "missing_lines": 0, "excluded_lines": 0, "percent_statements_covered": 100.0, "percent_statements_covered_display": "100"}, "missing_lines": [], "excluded_lines": [], "start_line": 110}, "Config.exports_dir": {"executed_lines": [114], "summary": {"covered_lines": 1, "num_statements": 1, "percent_covered": 100.0, "percent_covered_display": "100", "missing_lines": 0, "excluded_lines": 0, "percent_statements_covered": 100.0, "percent_statements_covered_display": "100"}, "missing_lines": [], "excluded_lines": [], "start_line": 113}, "Config.log_path": {"executed_lines": [117], "summary": {"covered_lines": 1, "num_statements": 1, "percent_covered": 100.0, "percent_covered_display": "100", "missing_lines": 0, "excluded_lines": 0, "percent_statements_covered": 100.0, "percent_statements_covered_display": "100"}, "missing_lines": [], "excluded_lines": [], "start_line": 116}, "Config.get": {"executed_lines": [122, 123], "summary": {"covered_lines": 2, "num_statements": 2, "percent_covered": 100.0, "percent_covered_display": "100", "missing_lines": 0, "excluded_lines": 0, "percent_statements_covered": 100.0, "percent_statements_covered_display": "100"}, "missing_lines": [], "excluded_lines": [], "start_line": 121}, "Config.set": {"executed_lines": [126, 127, 128], "summary": {"covered_lines": 3, "num_statements": 3, "percent_covered": 100.0, "percent_covered_display": "100", "missing_lines": 0, "excluded_lines": 0, "percent_statements_covered": 100.0, "percent_statements_covered_display": "100"}, "missing_lines": [], "excluded_lines": [], "start_line": 125}, "Config.set_many": {"executed_lines": [], "summary": {"covered_lines": 0, "num_statements": 3, "percent_covered": 0.0, "percent_covered_display": "0", "missing_lines": 3, "excluded_lines": 0, "percent_statements_covered": 0.0, "percent_statements_covered_display": "0"}, "missing_lines": [131, 132, 133], "excluded_lines": [], "start_line": 130}, "Config.as_dict": {"executed_lines": [], "summary": {"covered_lines": 0, "num_statements": 2, "percent_covered": 0.0, "percent_covered_display": "0", "missing_lines": 2, "excluded_lines": 0, "percent_statements_covered": 0.0, "percent_statements_covered_display": "0"}, "missing_lines": [136, 137], "excluded_lines": [], "start_line": 135}, "Config.naming_template": {"executed_lines": [141], "summary": {"covered_lines": 1, "num_statements": 1, "percent_covered": 100.0, "percent_covered_display": "100", "missing_lines": 0, "excluded_lines": 0, "percent_statements_covered": 100.0, "percent_statements_covered_display": "100"}, "missing_lines": [], "excluded_lines": [], "start_line": 140}, "Config.ocr_enabled": {"executed_lines": [], "summary": {"covered_lines": 0, "num_statements": 1, "percent_covered": 0.0, "percent_covered_display": "0", "missing_lines": 1, "excluded_lines": 0, "percent_statements_covered": 0.0, "percent_statements_covered_display": "0"}, "missing_lines": [145], "excluded_lines": [], "start_line": 144}, "Config.embedding_enabled": {"executed_lines": [], "summary": {"covered_lines": 0, "num_statements": 1, "percent_covered": 0.0, "percent_covered_display": "0", "missing_lines": 1, "excluded_lines": 0, "percent_statements_covered": 0.0, "percent_statements_covered_display": "0"}, "missing_lines": [149], "excluded_lines": [], "start_line": 148}, "Config.notes_in_fts": {"executed_lines": [153], "summary": {"covered_lines": 1, "num_statements": 1, "percent_covered": 100.0, "percent_covered_display": "100", "missing_lines": 0, "excluded_lines": 0, "percent_statements_covered": 100.0, "percent_statements_covered_display": "100"}, "missing_lines": [], "excluded_lines": [], "start_line": 152}, "Config.recycle_bin_days": {"executed_lines": [157], "summary": {"covered_lines": 1, "num_statements": 1, "percent_covered": 100.0, "percent_covered_display": "100", "missing_lines": 0, "excluded_lines": 0, "percent_statements_covered": 100.0, "percent_statements_covered_display": "100"}, "missing_lines": [], "excluded_lines": [], "start_line": 156}, "Config.backup_keep": {"executed_lines": [161], "summary": {"covered_lines": 1, "num_statements": 1, "percent_covered": 100.0, "percent_covered_display": "100", "missing_lines": 0, "excluded_lines": 0, "percent_statements_covered": 100.0, "percent_statements_covered_display": "100"}, "missing_lines": [], "excluded_lines": [], "start_line": 160}, "Config.max_workers": {"executed_lines": [], "summary": {"covered_lines": 0, "num_statements": 5, "percent_covered": 0.0, "percent_covered_display": "0", "missing_lines": 5, "excluded_lines": 0, "percent_statements_covered": 0.0, "percent_statements_covered_display": "0"}, "missing_lines": [165, 166, 167, 168, 169], "excluded_lines": [], "start_line": 164}, "": {"executed_lines": [11, 13, 14, 15, 16, 18, 20, 21, 22, 25, 26, 27, 28, 29, 30, 31, 33, 52, 55, 67, 75, 88, 98, 101, 104, 107, 110, 113, 116, 121, 125, 130, 135, 139, 140, 143, 144, 147, 148, 151, 152, 155, 156, 159, 160, 163, 164], "summary": {"covered_lines": 47, "num_statements": 47, "percent_covered": 100.0, "percent_covered_display": "100", "missing_lines": 0, "excluded_lines": 0, "percent_statements_covered": 100.0, "percent_statements_covered_display": "100"}, "missing_lines": [], "excluded_lines": [], "start_line": 1}}, "classes": {"Config": {"executed_lines": [56, 57, 58, 61, 62, 63, 64, 68, 72, 73, 76, 77, 78, 86, 90, 91, 92, 93, 94, 99, 102, 105, 108, 111, 114, 117, 122, 123, 126, 127, 128, 141, 153, 157, 161], "summary": {"covered_lines": 35, "num_statements": 54, "percent_covered": 64.81481481481481, "percent_covered_display": "65", "missing_lines": 19, "excluded_lines": 0, "percent_statements_covered": 64.81481481481481, "percent_statements_covered_display": "65"}, "missing_lines": [79, 80, 81, 82, 83, 84, 85, 131, 132, 133, 136, 137, 145, 149, 165, 166, 167, 168, 169], "excluded_lines": [], "start_line": 52}, "": {"executed_lines": [11, 13, 14, 15, 16, 18, 20, 21, 22, 25, 26, 27, 28, 29, 30, 31, 33, 52, 55, 67, 75, 88, 98, 101, 104, 107, 110, 113, 116, 121, 125, 130, 135, 139, 140, 143, 144, 147, 148, 151, 152, 155, 156, 159, 160, 163, 164], "summary": {"covered_lines": 47, "num_statements": 47, "percent_covered": 100.0, "percent_covered_display": "100", "missing_lines": 0, "excluded_lines": 0, "percent_statements_covered": 100.0, "percent_statements_covered_display": "100"}, "missing_lines": [], "excluded_lines": [], "start_line": 1}}}, "core/snapvault/crypto.py": {"executed_lines": [11, 13, 14, 15, 16, 18, 19, 21, 22, 23, 24, 25, 26, 27, 29, 32, 34, 39, 40, 42, 48, 49, 50, 51, 52, 55, 56, 57, 58, 59, 60, 61, 62, 63, 64, 65, 66, 72, 74, 75, 76, 77, 78, 79, 80, 81, 82, 83, 84, 85, 86, 87, 88, 89, 90, 91, 92, 94, 97, 99, 100, 102, 103, 104, 105, 107, 108, 109, 110, 111, 112, 113, 114, 116, 117, 118, 119, 120, 121, 122, 123, 124, 126, 127, 128, 129, 130, 132, 135, 138, 139, 140, 141, 142, 143, 145, 148, 150, 151, 152, 153, 154, 155, 156, 157, 159], "summary": {"covered_lines": 106, "num_statements": 113, "percent_covered": 93.80530973451327, "percent_covered_display": "94", "missing_lines": 7, "excluded_lines": 0, "percent_statements_covered": 93.80530973451327, "percent_statements_covered_display": "94"}, "missing_lines": [93, 101, 115, 125, 131, 144, 158], "excluded_lines": [], "functions": {"derive_key": {"executed_lines": [34], "summary": {"covered_lines": 1, "num_statements": 1, "percent_covered": 100.0, "percent_covered_display": "100", "missing_lines": 0, "excluded_lines": 0, "percent_statements_covered": 100.0, "percent_statements_covered_display": "100"}, "missing_lines": [], "excluded_lines": [], "start_line": 32}, "_aes": {"executed_lines": [40, 42], "summary": {"covered_lines": 2, "num_statements": 2, "percent_covered": 100.0, "percent_covered_display": "100", "missing_lines": 0, "excluded_lines": 0, "percent_statements_covered": 100.0, "percent_statements_covered_display": "100"}, "missing_lines": [], "excluded_lines": [], "start_line": 39}, "encrypt_bytes": {"executed_lines": [49, 50, 51, 52], "summary": {"covered_lines": 4, "num_statements": 4, "percent_covered": 100.0, "percent_covered_display": "100", "missing_lines": 0, "excluded_lines": 0, "percent_statements_covered": 100.0, "percent_statements_covered_display": "100"}, "missing_lines": [], "excluded_lines": [], "start_line": 48}, "decrypt_bytes": {"executed_lines": [56, 57, 58, 59, 60, 61, 62, 63, 64, 65, 66], "summary": {"covered_lines": 11, "num_statements": 11, "percent_covered": 100.0, "percent_covered_display": "100", "missing_lines": 0, "excluded_lines": 0, "percent_statements_covered": 100.0, "percent_statements_covered_display": "100"}, "missing_lines": [], "excluded_lines": [], "start_line": 55}, "encrypt_file": {"executed_lines": [74, 75, 76, 77, 78, 79, 80, 81, 82, 83, 84, 85, 86, 87, 88, 89, 90, 91, 92, 94], "summary": {"covered_lines": 20, "num_statements": 21, "percent_covered": 95.23809523809524, "percent_covered_display": "95", "missing_lines": 1, "excluded_lines": 0, "percent_statements_covered": 95.23809523809524, "percent_statements_covered_display": "95"}, "missing_lines": [93], "excluded_lines": [], "start_line": 72}, "decrypt_file": {"executed_lines": [99, 100, 102, 103, 104, 105, 107, 108, 109, 110, 111, 112, 113, 114, 116, 117, 118, 119, 120, 121, 122, 123, 124, 126, 127, 128, 129, 130, 132], "summary": {"covered_lines": 29, "num_statements": 33, "percent_covered": 87.87878787878788, "percent_covered_display": "88", "missing_lines": 4, "excluded_lines": 0, "percent_statements_covered": 87.87878787878788, "percent_statements_covered_display": "88"}, "missing_lines": [101, 115, 125, 131], "excluded_lines": [], "start_line": 97}, "encrypt_dir": {"executed_lines": [138, 139, 140, 141, 142, 143, 145], "summary": {"covered_lines": 7, "num_statements": 8, "percent_covered": 87.5, "percent_covered_display": "88", "missing_lines": 1, "excluded_lines": 0, "percent_statements_covered": 87.5, "percent_statements_covered_display": "88"}, "missing_lines": [144], "excluded_lines": [], "start_line": 135}, "decrypt_dir": {"executed_lines": [150, 151, 152, 153, 154, 155, 156, 157, 159], "summary": {"covered_lines": 9, "num_statements": 10, "percent_covered": 90.0, "percent_covered_display": "90", "missing_lines": 1, "excluded_lines": 0, "percent_statements_covered": 90.0, "percent_statements_covered_display": "90"}, "missing_lines": [158], "excluded_lines": [], "start_line": 148}, "": {"executed_lines": [11, 13, 14, 15, 16, 18, 19, 21, 22, 23, 24, 25, 26, 27, 29, 32, 39, 48, 55, 72, 97, 135, 148], "summary": {"covered_lines": 23, "num_statements": 23, "percent_covered": 100.0, "percent_covered_display": "100", "missing_lines": 0, "excluded_lines": 0, "percent_statements_covered": 100.0, "percent_statements_covered_display": "100"}, "missing_lines": [], "excluded_lines": [], "start_line": 1}}, "classes": {"": {"executed_lines": [11, 13, 14, 15, 16, 18, 19, 21, 22, 23, 24, 25, 26, 27, 29, 32, 34, 39, 40, 42, 48, 49, 50, 51, 52, 55, 56, 57, 58, 59, 60, 61, 62, 63, 64, 65, 66, 72, 74, 75, 76, 77, 78, 79, 80, 81, 82, 83, 84, 85, 86, 87, 88, 89, 90, 91, 92, 94, 97, 99, 100, 102, 103, 104, 105, 107, 108, 109, 110, 111, 112, 113, 114, 116, 117, 118, 119, 120, 121, 122, 123, 124, 126, 127, 128, 129, 130, 132, 135, 138, 139, 140, 141, 142, 143, 145, 148, 150, 151, 152, 153, 154, 155, 156, 157, 159], "summary": {"covered_lines": 106, "num_statements": 113, "percent_covered": 93.80530973451327, "percent_covered_display": "94", "missing_lines": 7, "excluded_lines": 0, "percent_statements_covered": 93.80530973451327, "percent_statements_covered_display": "94"}, "missing_lines": [93, 101, 115, 125, 131, 144, 158], "excluded_lines": [], "start_line": 1}}}, "core/snapvault/db.py": {"executed_lines": [2, 4, 5, 6, 7, 8, 10, 12, 13, 15, 23, 25, 26, 27, 28, 29, 31, 32, 33, 34, 35, 36, 37, 38, 39, 40, 41, 42, 44, 45, 46, 47, 48, 49, 50, 53, 56, 57, 58, 61, 63, 64, 65, 66, 67, 69, 70, 71, 72, 73, 76, 77, 79, 80, 81, 82, 83, 84, 85, 86, 88, 89, 91, 94, 95, 97, 98, 100, 101, 102, 105, 106, 108, 109], "summary": {"covered_lines": 74, "num_statements": 77, "percent_covered": 96.1038961038961, "percent_covered_display": "96", "missing_lines": 3, "excluded_lines": 0, "percent_statements_covered": 96.1038961038961, "percent_statements_covered_display": "96"}, "missing_lines": [43, 92, 110], "excluded_lines": [], "functions": {"open_database": {"executed_lines": [25, 26, 27, 28, 29, 31, 32, 33, 34, 35, 36, 37, 38, 39, 40, 41, 42, 44, 45, 46, 47, 48, 49, 50], "summary": {"covered_lines": 24, "num_statements": 25, "percent_covered": 96.0, "percent_covered_display": "96", "missing_lines": 1, "excluded_lines": 0, "percent_statements_covered": 96.0, "percent_statements_covered_display": "96"}, "missing_lines": [43], "excluded_lines": [], "start_line": 23}, "Database.__init__": {"executed_lines": [57, 58], "summary": {"covered_lines": 2, "num_statements": 2, "percent_covered": 100.0, "percent_covered_display": "100", "missing_lines": 0, "excluded_lines": 0, "percent_statements_covered": 100.0, "percent_statements_covered_display": "100"}, "missing_lines": [], "excluded_lines": [], "start_line": 56}, "Database._conn": {"executed_lines": [63, 64, 65, 66, 67], "summary": {"covered_lines": 5, "num_statements": 5, "percent_covered": 100.0, "percent_covered_display": "100", "missing_lines": 0, "excluded_lines": 0, "percent_statements_covered": 100.0, "percent_statements_covered_display": "100"}, "missing_lines": [], "excluded_lines": [], "start_line": 61}, "Database.close": {"executed_lines": [70, 71, 72, 73], "summary": {"covered_lines": 4, "num_statements": 4, "percent_covered": 100.0, "percent_covered_display": "100", "missing_lines": 0, "excluded_lines": 0, "percent_statements_covered": 100.0, "percent_statements_covered_display": "100"}, "missing_lines": [], "excluded_lines": [], "start_line": 69}, "Database.tx": {"executed_lines": [79, 80, 81, 82, 83, 84, 85, 86], "summary": {"covered_lines": 8, "num_statements": 8, "percent_covered": 100.0, "percent_covered_display": "100", "missing_lines": 0, "excluded_lines": 0, "percent_statements_covered": 100.0, "percent_statements_covered_display": "100"}, "missing_lines": [], "excluded_lines": [], "start_line": 77}, "Database.execute": {"executed_lines": [89], "summary": {"covered_lines": 1, "num_statements": 1, "percent_covered": 100.0, "percent_covered_display": "100", "missing_lines": 0, "excluded_lines": 0, "percent_statements_covered": 100.0, "percent_statements_covered_display": "100"}, "missing_lines": [], "excluded_lines": [], "start_line": 88}, "Database.executemany": {"executed_lines": [], "summary": {"covered_lines": 0, "num_statements": 1, "percent_covered": 0.0, "percent_covered_display": "0", "missing_lines": 1, "excluded_lines": 0, "percent_statements_covered": 0.0, "percent_statements_covered_display": "0"}, "missing_lines": [92], "excluded_lines": [], "start_line": 91}, "Database.query": {"executed_lines": [95], "summary": {"covered_lines": 1, "num_statements": 1, "percent_covered": 100.0, "percent_covered_display": "100", "missing_lines": 0, "excluded_lines": 0, "percent_statements_covered": 100.0, "percent_statements_covered_display": "100"}, "missing_lines": [], "excluded_lines": [], "start_line": 94}, "Database.query_one": {"executed_lines": [98], "summary": {"covered_lines": 1, "num_statements": 1, "percent_covered": 100.0, "percent_covered_display": "100", "missing_lines": 0, "excluded_lines": 0, "percent_statements_covered": 100.0, "percent_statements_covered_display": "100"}, "missing_lines": [], "excluded_lines": [], "start_line": 97}, "Database.scalar": {"executed_lines": [101, 102], "summary": {"covered_lines": 2, "num_statements": 2, "percent_covered": 100.0, "percent_covered_display": "100", "missing_lines": 0, "excluded_lines": 0, "percent_statements_covered": 100.0, "percent_statements_covered_display": "100"}, "missing_lines": [], "excluded_lines": [], "start_line": 100}, "Database.integrity_ok": {"executed_lines": [106], "summary": {"covered_lines": 1, "num_statements": 1, "percent_covered": 100.0, "percent_covered_display": "100", "missing_lines": 0, "excluded_lines": 0, "percent_statements_covered": 100.0, "percent_statements_covered_display": "100"}, "missing_lines": [], "excluded_lines": [], "start_line": 105}, "Database.embedding_dim": {"executed_lines": [], "summary": {"covered_lines": 0, "num_statements": 1, "percent_covered": 0.0, "percent_covered_display": "0", "missing_lines": 1, "excluded_lines": 0, "percent_statements_covered": 0.0, "percent_statements_covered_display": "0"}, "missing_lines": [110], "excluded_lines": [], "start_line": 109}, "": {"executed_lines": [2, 4, 5, 6, 7, 8, 10, 12, 13, 15, 23, 53, 56, 61, 69, 76, 77, 88, 91, 94, 97, 100, 105, 108, 109], "summary": {"covered_lines": 25, "num_statements": 25, "percent_covered": 100.0, "percent_covered_display": "100", "missing_lines": 0, "excluded_lines": 0, "percent_statements_covered": 100.0, "percent_statements_covered_display": "100"}, "missing_lines": [], "excluded_lines": [], "start_line": 1}}, "classes": {"Database": {"executed_lines": [57, 58, 63, 64, 65, 66, 67, 70, 71, 72, 73, 79, 80, 81, 82, 83, 84, 85, 86, 89, 95, 98, 101, 102, 106], "summary": {"covered_lines": 25, "num_statements": 27, "percent_covered": 92.5925925925926, "percent_covered_display": "93", "missing_lines": 2, "excluded_lines": 0, "percent_statements_covered": 92.5925925925926, "percent_statements_covered_display": "93"}, "missing_lines": [92, 110], "excluded_lines": [], "start_line": 53}, "": {"executed_lines": [2, 4, 5, 6, 7, 8, 10, 12, 13, 15, 23, 25, 26, 27, 28, 29, 31, 32, 33, 34, 35, 36, 37, 38, 39, 40, 41, 42, 44, 45, 46, 47, 48, 49, 50, 53, 56, 61, 69, 76, 77, 88, 91, 94, 97, 100, 105, 108, 109], "summary": {"covered_lines": 49, "num_statements": 50, "percent_covered": 98.0, "percent_covered_display": "98", "missing_lines": 1, "excluded_lines": 0, "percent_statements_covered": 98.0, "percent_statements_covered_display": "98"}, "missing_lines": [43], "excluded_lines": [], "start_line": 1}}}, "core/snapvault/embedding_engine.py": {"executed_lines": [7, 9, 10, 12, 14, 16, 17, 20, 23, 24, 25, 26, 27, 28, 31, 32, 33, 34, 35, 36, 38, 43, 50, 52, 53, 54, 55, 59, 61, 63, 64, 65, 66, 67, 69, 75, 76], "summary": {"covered_lines": 37, "num_statements": 48, "percent_covered": 77.08333333333333, "percent_covered_display": "77", "missing_lines": 11, "excluded_lines": 0, "percent_statements_covered": 77.08333333333333, "percent_statements_covered_display": "77"}, "missing_lines": [44, 45, 46, 56, 57, 62, 68, 70, 71, 72, 73], "excluded_lines": [], "functions": {"EmbeddingEngine.__init__": {"executed_lines": [24, 25, 26, 27, 28], "summary": {"covered_lines": 5, "num_statements": 5, "percent_covered": 100.0, "percent_covered_display": "100", "missing_lines": 0, "excluded_lines": 0, "percent_statements_covered": 100.0, "percent_statements_covered_display": "100"}, "missing_lines": [], "excluded_lines": [], "start_line": 23}, "EmbeddingEngine._get_model": {"executed_lines": [32, 33, 34, 35, 36, 38, 43, 50], "summary": {"covered_lines": 8, "num_statements": 11, "percent_covered": 72.72727272727273, "percent_covered_display": "73", "missing_lines": 3, "excluded_lines": 0, "percent_statements_covered": 72.72727272727273, "percent_statements_covered_display": "73"}, "missing_lines": [44, 45, 46], "excluded_lines": [], "start_line": 31}, "EmbeddingEngine.is_available": {"executed_lines": [53, 54, 55], "summary": {"covered_lines": 3, "num_statements": 5, "percent_covered": 60.0, "percent_covered_display": "60", "missing_lines": 2, "excluded_lines": 0, "percent_statements_covered": 60.0, "percent_statements_covered_display": "60"}, "missing_lines": [56, 57], "excluded_lines": [], "start_line": 52}, "EmbeddingEngine.embed": {"executed_lines": [61, 63, 64, 65, 66, 67, 69], "summary": {"covered_lines": 7, "num_statements": 13, "percent_covered": 53.84615384615385, "percent_covered_display": "54", "missing_lines": 6, "excluded_lines": 0, "percent_statements_covered": 53.84615384615385, "percent_statements_covered_display": "54"}, "missing_lines": [62, 68, 70, 71, 72, 73], "excluded_lines": [], "start_line": 59}, "EmbeddingEngine.embed_one": {"executed_lines": [76], "summary": {"covered_lines": 1, "num_statements": 1, "percent_covered": 100.0, "percent_covered_display": "100", "missing_lines": 0, "excluded_lines": 0, "percent_statements_covered": 100.0, "percent_statements_covered_display": "100"}, "missing_lines": [], "excluded_lines": [], "start_line": 75}, "": {"executed_lines": [7, 9, 10, 12, 14, 16, 17, 20, 23, 31, 52, 59, 75], "summary": {"covered_lines": 13, "num_statements": 13, "percent_covered": 100.0, "percent_covered_display": "100", "missing_lines": 0, "excluded_lines": 0, "percent_statements_covered": 100.0, "percent_statements_covered_display": "100"}, "missing_lines": [], "excluded_lines": [], "start_line": 1}}, "classes": {"EmbeddingEngine": {"executed_lines": [24, 25, 26, 27, 28, 32, 33, 34, 35, 36, 38, 43, 50, 53, 54, 55, 61, 63, 64, 65, 66, 67, 69, 76], "summary": {"covered_lines": 24, "num_statements": 35, "percent_covered": 68.57142857142857, "percent_covered_display": "69", "missing_lines": 11, "excluded_lines": 0, "percent_statements_covered": 68.57142857142857, "percent_statements_covered_display": "69"}, "missing_lines": [44, 45, 46, 56, 57, 62, 68, 70, 71, 72, 73], "excluded_lines": [], "start_line": 20}, "": {"executed_lines": [7, 9, 10, 12, 14, 16, 17, 20, 23, 31, 52, 59, 75], "summary": {"covered_lines": 13, "num_statements": 13, "percent_covered": 100.0, "percent_covered_display": "100", "missing_lines": 0, "excluded_lines": 0, "percent_statements_covered": 100.0, "percent_statements_covered_display": "100"}, "missing_lines": [], "excluded_lines": [], "start_line": 1}}}, "core/snapvault/engine.py": {"executed_lines": [6, 8, 9, 10, 12, 13, 14, 15, 16, 17, 18, 19, 20, 21, 22, 23, 24, 25, 26, 27, 29, 31, 38, 41, 43, 44, 45, 46, 47, 48, 49, 50, 51, 52, 53, 54, 55, 56, 57, 58, 59, 60, 65, 66, 67, 69, 70, 72, 73, 74, 75, 76, 78, 79, 80, 81, 83, 87, 89, 91, 92, 94, 96, 98, 99, 101, 102, 103, 104, 108, 109, 114, 116, 119, 120, 124, 126, 128, 129, 133, 134, 136, 137, 139, 140, 142, 144, 148, 149, 151, 152, 163, 164, 165, 166, 167], "summary": {"covered_lines": 96, "num_statements": 97, "percent_covered": 98.96907216494846, "percent_covered_display": "99", "missing_lines": 1, "excluded_lines": 0, "percent_statements_covered": 98.96907216494846, "percent_statements_covered_display": "99"}, "missing_lines": [117], "excluded_lines": [], "functions": {"SnapVault.__init__": {"executed_lines": [43, 44, 45, 46, 47, 48, 49, 50, 51, 52, 53, 54, 55, 56, 57, 58, 59, 60], "summary": {"covered_lines": 18, "num_statements": 18, "percent_covered": 100.0, "percent_covered_display": "100", "missing_lines": 0, "excluded_lines": 0, "percent_statements_covered": 100.0, "percent_statements_covered_display": "100"}, "missing_lines": [], "excluded_lines": [], "start_line": 41}, "SnapVault.ocr": {"executed_lines": [67, 69, 70], "summary": {"covered_lines": 3, "num_statements": 3, "percent_covered": 100.0, "percent_covered_display": "100", "missing_lines": 0, "excluded_lines": 0, "percent_statements_covered": 100.0, "percent_statements_covered_display": "100"}, "missing_lines": [], "excluded_lines": [], "start_line": 66}, "SnapVault.embedder": {"executed_lines": [74, 75, 76], "summary": {"covered_lines": 3, "num_statements": 3, "percent_covered": 100.0, "percent_covered_display": "100", "missing_lines": 0, "excluded_lines": 0, "percent_statements_covered": 100.0, "percent_statements_covered_display": "100"}, "missing_lines": [], "excluded_lines": [], "start_line": 73}, "SnapVault.search_engine": {"executed_lines": [80, 81, 83], "summary": {"covered_lines": 3, "num_statements": 3, "percent_covered": 100.0, "percent_covered_display": "100", "missing_lines": 0, "excluded_lines": 0, "percent_statements_covered": 100.0, "percent_statements_covered_display": "100"}, "missing_lines": [], "excluded_lines": [], "start_line": 79}, "SnapVault.import_files": {"executed_lines": [89, 91, 92], "summary": {"covered_lines": 3, "num_statements": 3, "percent_covered": 100.0, "percent_covered_display": "100", "missing_lines": 0, "excluded_lines": 0, "percent_statements_covered": 100.0, "percent_statements_covered_display": "100"}, "missing_lines": [], "excluded_lines": [], "start_line": 87}, "SnapVault.import_directory": {"executed_lines": [96, 98, 99], "summary": {"covered_lines": 3, "num_statements": 3, "percent_covered": 100.0, "percent_covered_display": "100", "missing_lines": 0, "excluded_lines": 0, "percent_statements_covered": 100.0, "percent_statements_covered_display": "100"}, "missing_lines": [], "excluded_lines": [], "start_line": 94}, "SnapVault._enqueue_pipeline": {"executed_lines": [102, 103, 104], "summary": {"covered_lines": 3, "num_statements": 3, "percent_covered": 100.0, "percent_covered_display": "100", "missing_lines": 0, "excluded_lines": 0, "percent_statements_covered": 100.0, "percent_statements_covered_display": "100"}, "missing_lines": [], "excluded_lines": [], "start_line": 101}, "SnapVault.process_jobs": {"executed_lines": [109, 114], "summary": {"covered_lines": 2, "num_statements": 2, "percent_covered": 100.0, "percent_covered_display": "100", "missing_lines": 0, "excluded_lines": 0, "percent_statements_covered": 100.0, "percent_statements_covered_display": "100"}, "missing_lines": [], "excluded_lines": [], "start_line": 108}, "SnapVault.reset_running_jobs": {"executed_lines": [], "summary": {"covered_lines": 0, "num_statements": 1, "percent_covered": 0.0, "percent_covered_display": "0", "missing_lines": 1, "excluded_lines": 0, "percent_statements_covered": 0.0, "percent_statements_covered_display": "0"}, "missing_lines": [117], "excluded_lines": [], "start_line": 116}, "SnapVault.job_stats": {"executed_lines": [120], "summary": {"covered_lines": 1, "num_statements": 1, "percent_covered": 100.0, "percent_covered_display": "100", "missing_lines": 0, "excluded_lines": 0, "percent_statements_covered": 100.0, "percent_statements_covered_display": "100"}, "missing_lines": [], "excluded_lines": [], "start_line": 119}, "SnapVault.search": {"executed_lines": [126], "summary": {"covered_lines": 1, "num_statements": 1, "percent_covered": 100.0, "percent_covered_display": "100", "missing_lines": 0, "excluded_lines": 0, "percent_statements_covered": 100.0, "percent_statements_covered_display": "100"}, "missing_lines": [], "excluded_lines": [], "start_line": 124}, "SnapVault.similar": {"executed_lines": [129], "summary": {"covered_lines": 1, "num_statements": 1, "percent_covered": 100.0, "percent_covered_display": "100", "missing_lines": 0, "excluded_lines": 0, "percent_statements_covered": 100.0, "percent_statements_covered_display": "100"}, "missing_lines": [], "excluded_lines": [], "start_line": 128}, "SnapVault.export": {"executed_lines": [134], "summary": {"covered_lines": 1, "num_statements": 1, "percent_covered": 100.0, "percent_covered_display": "100", "missing_lines": 0, "excluded_lines": 0, "percent_statements_covered": 100.0, "percent_statements_covered_display": "100"}, "missing_lines": [], "excluded_lines": [], "start_line": 133}, "SnapVault.export_library": {"executed_lines": [137], "summary": {"covered_lines": 1, "num_statements": 1, "percent_covered": 100.0, "percent_covered_display": "100", "missing_lines": 0, "excluded_lines": 0, "percent_statements_covered": 100.0, "percent_statements_covered_display": "100"}, "missing_lines": [], "excluded_lines": [], "start_line": 136}, "SnapVault.import_library": {"executed_lines": [140], "summary": {"covered_lines": 1, "num_statements": 1, "percent_covered": 100.0, "percent_covered_display": "100", "missing_lines": 0, "excluded_lines": 0, "percent_statements_covered": 100.0, "percent_statements_covered_display": "100"}, "missing_lines": [], "excluded_lines": [], "start_line": 139}, "SnapVault.rebuild_indexes": {"executed_lines": [144], "summary": {"covered_lines": 1, "num_statements": 1, "percent_covered": 100.0, "percent_covered_display": "100", "missing_lines": 0, "excluded_lines": 0, "percent_statements_covered": 100.0, "percent_statements_covered_display": "100"}, "missing_lines": [], "excluded_lines": [], "start_line": 142}, "SnapVault.privacy_check": {"executed_lines": [149], "summary": {"covered_lines": 1, "num_statements": 1, "percent_covered": 100.0, "percent_covered_display": "100", "missing_lines": 0, "excluded_lines": 0, "percent_statements_covered": 100.0, "percent_statements_covered_display": "100"}, "missing_lines": [], "excluded_lines": [], "start_line": 148}, "SnapVault.stats": {"executed_lines": [152], "summary": {"covered_lines": 1, "num_statements": 1, "percent_covered": 100.0, "percent_covered_display": "100", "missing_lines": 0, "excluded_lines": 0, "percent_statements_covered": 100.0, "percent_statements_covered_display": "100"}, "missing_lines": [], "excluded_lines": [], "start_line": 151}, "SnapVault.close": {"executed_lines": [164, 165, 166, 167], "summary": {"covered_lines": 4, "num_statements": 4, "percent_covered": 100.0, "percent_covered_display": "100", "missing_lines": 0, "excluded_lines": 0, "percent_statements_covered": 100.0, "percent_statements_covered_display": "100"}, "missing_lines": [], "excluded_lines": [], "start_line": 163}, "": {"executed_lines": [6, 8, 9, 10, 12, 13, 14, 15, 16, 17, 18, 19, 20, 21, 22, 23, 24, 25, 26, 27, 29, 31, 38, 41, 65, 66, 72, 73, 78, 79, 87, 94, 101, 108, 116, 119, 124, 128, 133, 136, 139, 142, 148, 151, 163], "summary": {"covered_lines": 45, "num_statements": 45, "percent_covered": 100.0, "percent_covered_display": "100", "missing_lines": 0, "excluded_lines": 0, "percent_statements_covered": 100.0, "percent_statements_covered_display": "100"}, "missing_lines": [], "excluded_lines": [], "start_line": 1}}, "classes": {"SnapVault": {"executed_lines": [43, 44, 45, 46, 47, 48, 49, 50, 51, 52, 53, 54, 55, 56, 57, 58, 59, 60, 67, 69, 70, 74, 75, 76, 80, 81, 83, 89, 91, 92, 96, 98, 99, 102, 103, 104, 109, 114, 120, 126, 129, 134, 137, 140, 144, 149, 152, 164, 165, 166, 167], "summary": {"covered_lines": 51, "num_statements": 52, "percent_covered": 98.07692307692308, "percent_covered_display": "98", "missing_lines": 1, "excluded_lines": 0, "percent_statements_covered": 98.07692307692308, "percent_statements_covered_display": "98"}, "missing_lines": [117], "excluded_lines": [], "start_line": 38}, "": {"executed_lines": [6, 8, 9, 10, 12, 13, 14, 15, 16, 17, 18, 19, 20, 21, 22, 23, 24, 25, 26, 27, 29, 31, 38, 41, 65, 66, 72, 73, 78, 79, 87, 94, 101, 108, 116, 119, 124, 128, 133, 136, 139, 142, 148, 151, 163], "summary": {"covered_lines": 45, "num_statements": 45, "percent_covered": 100.0, "percent_covered_display": "100", "missing_lines": 0, "excluded_lines": 0, "percent_statements_covered": 100.0, "percent_statements_covered_display": "100"}, "missing_lines": [], "excluded_lines": [], "start_line": 1}}}, "core/snapvault/exceptions.py": {"executed_lines": [4, 8, 12, 16, 20, 24, 28, 32, 36, 40, 44], "summary": {"covered_lines": 11, "num_statements": 11, "percent_covered": 100.0, "percent_covered_display": "100", "missing_lines": 0, "excluded_lines": 0, "percent_statements_covered": 100.0, "percent_statements_covered_display": "100"}, "missing_lines": [], "excluded_lines": [], "functions": {"": {"executed_lines": [4, 8, 12, 16, 20, 24, 28, 32, 36, 40, 44], "summary": {"covered_lines": 11, "num_statements": 11, "percent_covered": 100.0, "percent_covered_display": "100", "missing_lines": 0, "excluded_lines": 0, "percent_statements_covered": 100.0, "percent_statements_covered_display": "100"}, "missing_lines": [], "excluded_lines": [], "start_line": 1}}, "classes": {"SnapVaultError": {"executed_lines": [], "summary": {"covered_lines": 0, "num_statements": 0, "percent_covered": 100.0, "percent_covered_display": "100", "missing_lines": 0, "excluded_lines": 0, "percent_statements_covered": 100.0, "percent_statements_covered_display": "100"}, "missing_lines": [], "excluded_lines": [], "start_line": 4}, "ConfigError": {"executed_lines": [], "summary": {"covered_lines": 0, "num_statements": 0, "percent_covered": 100.0, "percent_covered_display": "100", "missing_lines": 0, "excluded_lines": 0, "percent_statements_covered": 100.0, "percent_statements_covered_display": "100"}, "missing_lines": [], "excluded_lines": [], "start_line": 8}, "DatabaseError": {"executed_lines": [], "summary": {"covered_lines": 0, "num_statements": 0, "percent_covered": 100.0, "percent_covered_display": "100", "missing_lines": 0, "excluded_lines": 0, "percent_statements_covered": 100.0, "percent_statements_covered_display": "100"}, "missing_lines": [], "excluded_lines": [], "start_line": 12}, "IntegrityError": {"executed_lines": [], "summary": {"covered_lines": 0, "num_statements": 0, "percent_covered": 100.0, "percent_covered_display": "100", "missing_lines": 0, "excluded_lines": 0, "percent_statements_covered": 100.0, "percent_statements_covered_display": "100"}, "missing_lines": [], "excluded_lines": [], "start_line": 16}, "JobError": {"executed_lines": [], "summary": {"covered_lines": 0, "num_statements": 0, "percent_covered": 100.0, "percent_covered_display": "100", "missing_lines": 0, "excluded_lines": 0, "percent_statements_covered": 100.0, "percent_statements_covered_display": "100"}, "missing_lines": [], "excluded_lines": [], "start_line": 20}, "OCRUnavailableError": {"executed_lines": [], "summary": {"covered_lines": 0, "num_statements": 0, "percent_covered": 100.0, "percent_covered_display": "100", "missing_lines": 0, "excluded_lines": 0, "percent_statements_covered": 100.0, "percent_statements_covered_display": "100"}, "missing_lines": [], "excluded_lines": [], "start_line": 24}, "EmbeddingUnavailableError": {"executed_lines": [], "summary": {"covered_lines": 0, "num_statements": 0, "percent_covered": 100.0, "percent_covered_display": "100", "missing_lines": 0, "excluded_lines": 0, "percent_statements_covered": 100.0, "percent_statements_covered_display": "100"}, "missing_lines": [], "excluded_lines": [], "start_line": 28}, "ExportError": {"executed_lines": [], "summary": {"covered_lines": 0, "num_statements": 0, "percent_covered": 100.0, "percent_covered_display": "100", "missing_lines": 0, "excluded_lines": 0, "percent_statements_covered": 100.0, "percent_statements_covered_display": "100"}, "missing_lines": [], "excluded_lines": [], "start_line": 32}, "CryptoError": {"executed_lines": [], "summary": {"covered_lines": 0, "num_statements": 0, "percent_covered": 100.0, "percent_covered_display": "100", "missing_lines": 0, "excluded_lines": 0, "percent_statements_covered": 100.0, "percent_statements_covered_display": "100"}, "missing_lines": [], "excluded_lines": [], "start_line": 36}, "PrivacyViolationError": {"executed_lines": [], "summary": {"covered_lines": 0, "num_statements": 0, "percent_covered": 100.0, "percent_covered_display": "100", "missing_lines": 0, "excluded_lines": 0, "percent_statements_covered": 100.0, "percent_statements_covered_display": "100"}, "missing_lines": [], "excluded_lines": [], "start_line": 40}, "SingleInstanceError": {"executed_lines": [], "summary": {"covered_lines": 0, "num_statements": 0, "percent_covered": 100.0, "percent_covered_display": "100", "missing_lines": 0, "excluded_lines": 0, "percent_statements_covered": 100.0, "percent_statements_covered_display": "100"}, "missing_lines": [], "excluded_lines": [], "start_line": 44}, "": {"executed_lines": [4, 8, 12, 16, 20, 24, 28, 32, 36, 40, 44], "summary": {"covered_lines": 11, "num_statements": 11, "percent_covered": 100.0, "percent_covered_display": "100", "missing_lines": 0, "excluded_lines": 0, "percent_statements_covered": 100.0, "percent_statements_covered_display": "100"}, "missing_lines": [], "excluded_lines": [], "start_line": 1}}}, "core/snapvault/exporter.py": {"executed_lines": [7, 9, 10, 11, 12, 13, 14, 15, 16, 17, 19, 20, 21, 22, 23, 24, 25, 26, 28, 30, 31, 34, 38, 39, 40, 41, 42, 43, 44, 47, 48, 49, 50, 51, 52, 53, 54, 57, 58, 59, 60, 61, 64, 70, 71, 74, 75, 78, 79, 81, 83, 85, 86, 87, 88, 89, 91, 93, 94, 96, 97, 98, 99, 100, 101, 102, 103, 104, 105, 106, 107, 109, 110, 111, 112, 113, 114, 120, 121, 122, 123, 124, 125, 126, 129, 130, 131, 132, 133, 140, 146, 147, 148, 149, 150, 151, 152, 153, 155, 158, 159, 160, 161, 162, 163, 165, 166, 169, 170, 171, 173, 174, 175, 176, 178, 179, 180, 182, 183, 185, 186, 198, 202, 204, 207, 208, 212, 213, 214, 216, 217, 220, 232, 234, 236, 238, 239, 240, 241, 242, 243, 244, 245, 246, 247, 248, 249, 251, 253, 254, 255, 256, 257, 258, 259, 263, 264, 265, 267, 268, 272, 274, 276, 277, 281, 282, 283, 284, 287, 288, 290, 291, 292, 293, 296, 297, 298, 299, 300, 301, 302, 303, 304, 305], "summary": {"covered_lines": 184, "num_statements": 196, "percent_covered": 93.87755102040816, "percent_covered_display": "94", "missing_lines": 12, "excluded_lines": 0, "percent_statements_covered": 93.87755102040816, "percent_statements_covered_display": "94"}, "missing_lines": [72, 108, 115, 116, 117, 118, 167, 168, 266, 270, 294, 295], "excluded_lines": [], "functions": {"Exporter.__init__": {"executed_lines": [59, 60, 61], "summary": {"covered_lines": 3, "num_statements": 3, "percent_covered": 100.0, "percent_covered_display": "100", "missing_lines":
[...]
126, 131, 132, 134, 139, 141, 142, 144, 149, 150, 151, 152, 153, 154, 155, 160, 164, 169, 170, 171, 172, 173, 177, 187, 188, 190, 191, 192, 193, 194, 195, 196, 197, 198, 200, 201, 202, 203, 204, 205, 206, 214, 215, 216, 221, 222, 223, 227, 228, 229, 234, 235, 236, 238, 245, 246, 247, 251, 252, 253, 258, 259, 263, 264, 265, 266, 267, 268, 269, 270, 271, 272, 273, 274, 275, 276, 280, 283, 287], "summary": {"covered_lines": 81, "num_statements": 86, "percent_covered": 94.18604651162791, "percent_covered_display": "94", "missing_lines": 5, "excluded_lines": 0, "percent_statements_covered": 94.18604651162791, "percent_statements_covered_display": "94"}, "missing_lines": [143, 161, 162, 163, 237], "excluded_lines": [], "start_line": 121}, "": {"executed_lines": [10, 12, 13, 14, 16, 17, 18, 21, 23, 24, 25, 26, 29, 30, 31, 32, 33, 34, 35, 36, 37, 38, 39, 40, 41, 42, 45, 46, 47, 48, 49, 50, 51, 52, 55, 57, 58, 59, 60, 61, 62, 63, 64, 67, 69, 70, 71, 72, 73, 74, 75, 76, 77, 78, 79, 80, 81, 82, 83, 86, 89, 92, 93, 94, 95, 98, 99, 100, 101, 102, 106, 107, 108, 109, 110, 115, 116, 117, 118, 121, 122, 129, 167, 180, 219, 250, 256, 282], "summary": {"covered_lines": 88, "num_statements": 96, "percent_covered": 91.66666666666667, "percent_covered_display": "92", "missing_lines": 8, "excluded_lines": 0, "percent_statements_covered": 91.66666666666667, "percent_statements_covered_display": "92"}, "missing_lines": [84, 85, 87, 88, 90, 91, 96, 97], "excluded_lines": [], "start_line": 1}}}, "core/snapvault/server.py": {"executed_lines": [6, 8, 9, 10, 11, 12, 14, 15, 17, 18, 21, 22, 24, 26, 27, 28, 31, 32, 33, 36, 37, 40, 41, 42, 43, 44, 45, 47, 48, 50, 51, 52, 53, 58, 59, 60, 61, 62, 63, 64, 67, 68, 69, 70, 71, 72, 77, 84, 85, 86, 87, 88, 89, 90, 91, 94, 97, 103, 106, 107, 108, 110, 111, 112, 113, 115, 116, 117, 118, 124, 125, 126, 127, 128, 129, 130, 131, 132, 133, 134, 135, 136, 138, 139, 142, 143, 144, 145, 146, 147, 148, 149, 150, 151, 152, 153, 154, 155, 156, 158, 163, 164, 166, 167, 168, 169, 170, 171, 174, 176, 177, 178, 179, 180, 181, 184, 186, 187, 188, 189, 192, 193, 195, 211, 212, 213, 214, 217, 218, 220, 221, 223, 225, 228, 231, 233, 234, 235], "summary": {"covered_lines": 138, "num_statements": 175, "percent_covered": 78.85714285714286, "percent_covered_display": "79", "missing_lines": 37, "excluded_lines": 0, "percent_statements_covered": 78.85714285714286, "percent_statements_covered_display": "79"}, "missing_lines": [54, 55, 65, 73, 74, 75, 76, 78, 79, 80, 92, 93, 104, 119, 122, 159, 160, 172, 173, 182, 183, 190, 191, 196, 197, 198, 199, 200, 201, 202, 203, 206, 207, 208, 222, 224, 232], "excluded_lines": [], "functions": {"_raster_bytes": {"executed_lines": [22, 24, 26, 27, 28], "summary": {"covered_lines": 5, "num_statements": 5, "percent_covered": 100.0, "percent_covered_display": "100", "missing_lines": 0, "excluded_lines": 0, "percent_statements_covered": 100.0, "percent_statements_covered_display": "100"}, "missing_lines": [], "excluded_lines": [], "start_line": 21}, "_Handler.log_message": {"executed_lines": [37], "summary": {"covered_lines": 1, "num_statements": 1, "percent_covered": 100.0, "percent_covered_display": "100", "missing_lines": 0, "excluded_lines": 0, "percent_statements_covered": 100.0, "percent_statements_covered_display": "100"}, "missing_lines": [], "excluded_lines": [], "start_line": 36}, "_Handler._send": {"executed_lines": [41, 42, 43, 44, 45], "summary": {"covered_lines": 5, "num_statements": 5, "percent_covered": 100.0, "percent_covered_display": "100", "missing_lines": 0, "excluded_lines": 0, "percent_statements_covered": 100.0, "percent_statements_covered_display": "100"}, "missing_lines": [], "excluded_lines": [], "start_line": 40}, "_Handler._json": {"executed_lines": [48], "summary": {"covered_lines": 1, "num_statements": 1, "percent_covered": 100.0, "percent_covered_display": "100", "missing_lines": 0, "excluded_lines": 0, "percent_statements_covered": 100.0, "percent_statements_covered_display": "100"}, "missing_lines": [], "excluded_lines": [], "start_line": 47}, "_Handler._body": {"executed_lines": [51, 52, 53], "summary": {"covered_lines": 3, "num_statements": 5, "percent_covered": 60.0, "percent_covered_display": "60", "missing_lines": 2, "excluded_lines": 0, "percent_statements_covered": 60.0, "percent_statements_covered_display": "60"}, "missing_lines": [54, 55], "excluded_lines": [], "start_line": 50}, "_Handler.do_GET": {"executed_lines": [59, 60, 61, 62, 63, 64], "summary": {"covered_lines": 6, "num_statements": 7, "percent_covered": 85.71428571428571, "percent_covered_display": "86", "missing_lines": 1, "excluded_lines": 0, "percent_statements_covered": 85.71428571428571, "percent_statements_covered_display": "86"}, "missing_lines": [65], "excluded_lines": [], "start_line": 58}, "_Handler.do_POST": {"executed_lines": [68, 69, 70, 71, 72, 77, 84, 85, 86, 87, 88, 89, 90, 91, 94, 97, 103, 106, 107, 108, 110, 111, 112, 113, 115, 116, 117, 118, 124, 125, 126, 127, 128, 129, 130, 131, 132, 133, 134, 135, 136, 138, 139, 142, 143, 144, 145, 146, 147, 148, 149, 150, 151, 152, 153, 154, 155, 156, 158], "summary": {"covered_lines": 59, "num_statements": 73, "percent_covered": 80.82191780821918, "percent_covered_display": "81", "missing_lines": 14, "excluded_lines": 0, "percent_statements_covered": 80.82191780821918, "percent_statements_covered_display": "81"}, "missing_lines": [73, 74, 75, 76, 78, 79, 80, 92, 93, 104, 119, 122, 159, 160], "excluded_lines": [], "start_line": 67}, "_Handler._thumb": {"executed_lines": [164, 166, 167, 168, 169, 170, 171, 174, 176, 177, 178, 179, 180, 181, 184, 186, 187, 188, 189, 192, 193], "summary": {"covered_lines": 21, "num_statements": 27, "percent_covered": 77.77777777777777, "percent_covered_display": "78", "missing_lines": 6, "excluded_lines": 0, "percent_statements_covered": 77.77777777777777, "percent_statements_covered_display": "78"}, "missing_lines": [172, 173, 182, 183, 190, 191], "excluded_lines": [], "start_line": 163}, "_Handler._static": {"executed_lines": [], "summary": {"covered_lines": 0, "num_statements": 11, "percent_covered": 0.0, "percent_covered_display": "0", "missing_lines": 11, "excluded_lines": 0, "percent_statements_covered": 0.0, "percent_statements_covered_display": "0"}, "missing_lines": [196, 197, 198, 199, 200, 201, 202, 203, 206, 207, 208], "excluded_lines": [], "start_line": 195}, "_ensure_engine": {"executed_lines": [212, 213, 214], "summary": {"covered_lines": 3, "num_statements": 3, "percent_covered": 100.0, "percent_covered_display": "100", "missing_lines": 0, "excluded_lines": 0, "percent_statements_covered": 100.0, "percent_statements_covered_display": "100"}, "missing_lines": [], "excluded_lines": [], "start_line": 211}, "_filter": {"executed_lines": [218, 220, 221, 223, 225], "summary": {"covered_lines": 5, "num_statements": 7, "percent_covered": 71.42857142857143, "percent_covered_display": "71", "missing_lines": 2, "excluded_lines": 0, "percent_statements_covered": 71.42857142857143, "percent_statements_covered_display": "71"}, "missing_lines": [222, 224], "excluded_lines": [], "start_line": 217}, "serve": {"executed_lines": [231, 233, 234, 235], "summary": {"covered_lines": 4, "num_statements": 5, "percent_covered": 80.0, "percent_covered_display": "80", "missing_lines": 1, "excluded_lines": 0, "percent_statements_covered": 80.0, "percent_statements_covered_display": "80"}, "missing_lines": [232], "excluded_lines": [], "start_line": 228}, "": {"executed_lines": [6, 8, 9, 10, 11, 12, 14, 15, 17, 18, 21, 31, 32, 33, 36, 40, 47, 50, 58, 67, 163, 195, 211, 217, 228], "summary": {"covered_lines": 25, "num_statements": 25, "percent_covered": 100.0, "percent_covered_display": "100", "missing_lines": 0, "excluded_lines": 0, "percent_statements_covered": 100.0, "percent_statements_covered_display": "100"}, "missing_lines": [], "excluded_lines": [], "start_line": 1}}, "classes": {"_Handler": {"executed_lines": [37, 41, 42, 43, 44, 45, 48, 51, 52, 53, 59, 60, 61, 62, 63, 64, 68, 69, 70, 71, 72, 77, 84, 85, 86, 87, 88, 89, 90, 91, 94, 97, 103, 106, 107, 108, 110, 111, 112, 113, 115, 116, 117, 118, 124, 125, 126, 127, 128, 129, 130, 131, 132, 133, 134, 135, 136, 138, 139, 142, 143, 144, 145, 146, 147, 148, 149, 150, 151, 152, 153, 154, 155, 156, 158, 164, 166, 167, 168, 169, 170, 171, 174, 176, 177, 178, 179, 180, 181, 184, 186, 187, 188, 189, 192, 193], "summary": {"covered_lines": 96, "num_statements": 130, "percent_covered": 73.84615384615384, "percent_covered_display": "74", "missing_lines": 34, "excluded_lines": 0, "percent_statements_covered": 73.84615384615384, "percent_statements_covered_display": "74"}, "missing_lines": [54, 55, 65, 73, 74, 75, 76, 78, 79, 80, 92, 93, 104, 119, 122, 159, 160, 172, 173, 182, 183, 190, 191, 196, 197, 198, 199, 200, 201, 202, 203, 206, 207, 208], "excluded_lines": [], "start_line": 31}, "": {"executed_lines": [6, 8, 9, 10, 11, 12, 14, 15, 17, 18, 21, 22, 24, 26, 27, 28, 31, 32, 33, 36, 40, 47, 50, 58, 67, 163, 195, 211, 212, 213, 214, 217, 218, 220, 221, 223, 225, 228, 231, 233, 234, 235], "summary": {"covered_lines": 42, "num_statements": 45, "percent_covered": 93.33333333333333, "percent_covered_display": "93", "missing_lines": 3, "excluded_lines": 0, "percent_statements_covered": 93.33333333333333, "percent_statements_covered_display": "93"}, "missing_lines": [222, 224, 232], "excluded_lines": [], "start_line": 1}}}, "core/snapvault/single_instance.py": {"executed_lines": [5, 7, 8, 10, 12, 13, 15, 19, 20, 27, 30, 31, 32, 33, 35, 36, 37, 38, 39, 46, 47, 48, 49, 53, 54, 55, 57, 58, 60, 61, 62, 69, 70, 72, 73, 74, 76, 77], "summary": {"covered_lines": 38, "num_statements": 40, "percent_covered": 95.0, "percent_covered_display": "95", "missing_lines": 2, "excluded_lines": 13, "percent_statements_covered": 95.0, "percent_statements_covered_display": "95"}, "missing_lines": [22, 59], "excluded_lines": [16, 17, 23, 24, 40, 41, 43, 44, 45, 63, 64, 66, 67], "functions": {"SingleInstanceLock.__init__": {"executed_lines": [31, 32, 33], "summary": {"covered_lines": 3, "num_statements": 3, "percent_covered": 100.0, "percent_covered_display": "100", "missing_lines": 0, "excluded_lines": 0, "percent_statements_covered": 100.0, "percent_statements_covered_display": "100"}, "missing_lines": [], "excluded_lines": [], "start_line": 30}, "SingleInstanceLock.acquire": {"executed_lines": [36, 37, 38, 39, 46, 47, 48, 49, 53, 54, 55], "summary": {"covered_lines": 11, "num_statements": 11, "percent_covered": 100.0, "percent_covered_display": "100", "missing_lines": 0, "excluded_lines": 5, "percent_statements_covered": 100.0, "percent_statements_covered_display": "100"}, "missing_lines": [], "excluded_lines": [40, 41, 43, 44, 45], "start_line": 35}, "SingleInstanceLock.release": {"executed_lines": [58, 60, 61, 62, 69, 70], "summary": {"covered_lines": 6, "num_statements": 7, "percent_covered": 85.71428571428571, "percent_covered_display": "86", "missing_lines": 1, "excluded_lines": 4, "percent_statements_covered": 85.71428571428571, "percent_statements_covered_display": "86"}, "missing_lines": [59], "excluded_lines": [63, 64, 66, 67], "start_line": 57}, "SingleInstanceLock.__enter__": {"executed_lines": [73, 74], "summary": {"covered_lines": 2, "num_statements": 2, "percent_covered": 100.0, "percent_covered_display": "100", "missing_lines": 0, "excluded_lines": 0, "percent_statements_covered": 100.0, "percent_statements_covered_display": "100"}, "missing_lines": [], "excluded_lines": [], "start_line": 72}, "SingleInstanceLock.__exit__": {"executed_lines": [77], "summary": {"covered_lines": 1, "num_statements": 1, "percent_covered": 100.0, "percent_covered_display": "100", "missing_lines": 0, "excluded_lines": 0, "percent_statements_covered": 100.0, "percent_statements_covered_display": "100"}, "missing_lines": [], "excluded_lines": [], "start_line": 76}, "": {"executed_lines": [5, 7, 8, 10, 12, 13, 15, 19, 20, 27, 30, 35, 57, 72, 76], "summary": {"covered_lines": 15, "num_statements": 16, "percent_covered": 93.75, "percent_covered_display": "94", "missing_lines": 1, "excluded_lines": 4, "percent_statements_covered": 93.75, "percent_statements_covered_display": "94"}, "missing_lines": [22], "excluded_lines": [16, 17, 23, 24], "start_line": 1}}, "classes": {"SingleInstanceLock": {"executed_lines": [31, 32, 33, 36, 37, 38, 39, 46, 47, 48, 49, 53, 54, 55, 58, 60, 61, 62, 69, 70, 73, 74, 77], "summary": {"covered_lines": 23, "num_statements": 24, "percent_covered": 95.83333333333333, "percent_covered_display": "96", "missing_lines": 1, "excluded_lines": 9, "percent_statements_covered": 95.83333333333333, "percent_statements_covered_display": "96"}, "missing_lines": [59], "excluded_lines": [40, 41, 43, 44, 45, 63, 64, 66, 67], "start_line": 27}, "": {"executed_lines": [5, 7, 8, 10, 12, 13, 15, 19, 20, 27, 30, 35, 57, 72, 76], "summary": {"covered_lines": 15, "num_statements": 16, "percent_covered": 93.75, "percent_covered_display": "94", "missing_lines": 1, "excluded_lines": 4, "percent_statements_covered": 93.75, "percent_statements_covered_display": "94"}, "missing_lines": [22], "excluded_lines": [16, 17, 23, 24], "start_line": 1}}}, "core/snapvault/timeutil.py": {"executed_lines": [2, 4, 6, 9, 10, 13, 14, 17], "summary": {"covered_lines": 8, "num_statements": 9, "percent_covered": 88.88888888888889, "percent_covered_display": "89", "missing_lines": 1, "excluded_lines": 0, "percent_statements_covered": 88.88888888888889, "percent_statements_covered_display": "89"}, "missing_lines": [18], "excluded_lines": [], "functions": {"utc_now": {"executed_lines": [10], "summary": {"covered_lines": 1, "num_statements": 1, "percent_covered": 100.0, "percent_covered_display": "100", "missing_lines": 0, "excluded_lines": 0, "percent_statements_covered": 100.0, "percent_statements_covered_display": "100"}, "missing_lines": [], "excluded_lines": [], "start_line": 9}, "utc_from_epoch": {"executed_lines": [14], "summary": {"covered_lines": 1, "num_statements": 1, "percent_covered": 100.0, "percent_covered_display": "100", "missing_lines": 0, "excluded_lines": 0, "percent_statements_covered": 100.0, "percent_statements_covered_display": "100"}, "missing_lines": [], "excluded_lines": [], "start_line": 13}, "utc_ago": {"executed_lines": [], "summary": {"covered_lines": 0, "num_statements": 1, "percent_covered": 0.0, "percent_covered_display": "0", "missing_lines": 1, "excluded_lines": 0, "percent_statements_covered": 0.0, "percent_statements_covered_display": "0"}, "missing_lines": [18], "excluded_lines": [], "start_line": 17}, "": {"executed_lines": [2, 4, 6, 9, 13, 17], "summary": {"covered_lines": 6, "num_statements": 6, "percent_covered": 100.0, "percent_covered_display": "100", "missing_lines": 0, "excluded_lines": 0, "percent_statements_covered": 100.0, "percent_statements_covered_display": "100"}, "missing_lines": [], "excluded_lines": [], "start_line": 1}}, "classes": {"": {"executed_lines": [2, 4, 6, 9, 10, 13, 14, 17], "summary": {"covered_lines": 8, "num_statements": 9, "percent_covered": 88.88888888888889, "percent_covered_display": "89", "missing_lines": 1, "excluded_lines": 0, "percent_statements_covered": 88.88888888888889, "percent_statements_covered_display": "89"}, "missing_lines": [18], "excluded_lines": [], "start_line": 1}}}, "core/snapvault/util.py": {"executed_lines": [2, 4, 5, 6, 7, 9, 12, 13, 16, 18, 19, 20, 21, 22, 23, 24, 25, 28, 32, 34, 35, 36, 37, 38, 39, 40, 41, 42, 43, 52, 53, 56, 62, 63, 64, 65, 66, 67, 71, 73, 74, 75, 76, 77, 78], "summary": {"covered_lines": 45, "num_statements": 56, "percent_covered": 80.35714285714286, "percent_covered_display": "80", "missing_lines": 11, "excluded_lines": 0, "percent_statements_covered": 80.35714285714286, "percent_statements_covered_display": "80"}, "missing_lines": [29, 44, 45, 46, 47, 48, 49, 57, 58, 59, 68], "excluded_lines": [], "functions": {"is_supported_image": {"executed_lines": [13], "summary": {"covered_lines": 1, "num_statements": 1, "percent_covered": 100.0, "percent_covered_display": "100", "missing_lines": 0, "excluded_lines": 0, "percent_statements_covered": 100.0, "percent_statements_covered_display": "100"}, "missing_lines": [], "excluded_lines": [], "start_line": 12}, "sha256_file": {"executed_lines": [18, 19, 20, 21, 22, 23, 24, 25], "summary": {"covered_lines": 8, "num_statements": 8, "percent_covered": 100.0, "percent_covered_display": "100", "missing_lines": 0, "excluded_lines": 0, "percent_statements_covered": 100.0, "percent_statements_covered_display": "100"}, "missing_lines": [], "excluded_lines": [], "start_line": 16}, "sha256_bytes": {"executed_lines": [], "summary": {"covered_lines": 0, "num_statements": 1, "percent_covered": 0.0, "percent_covered_display": "0", "missing_lines": 1, "excluded_lines": 0, "percent_statements_covered": 0.0, "percent_statements_covered_display": "0"}, "missing_lines": [29], "excluded_lines": [], "start_line": 28}, "atomic_write": {"executed_lines": [34, 35, 36, 37, 38, 39, 40, 41, 42, 43], "summary": {"covered_lines": 10, "num_statements": 16, "percent_covered": 62.5, "percent_covered_display": "62", "missing_lines": 6, "excluded_lines": 0, "percent_statements_covered": 62.5, "percent_statements_covered_display": "62"}, "missing_lines": [44, 45, 46, 47, 48, 49], "excluded_lines": [], "start_line": 32}, "atomic_write_text": {"executed_lines": [53], "summary": {"covered_lines": 1, "num_statements": 1, "percent_covered": 100.0, "percent_covered_display": "100", "missing_lines": 0, "excluded_lines": 0, "percent_statements_covered": 100.0, "percent_statements_covered_display": "100"}, "missing_lines": [], "excluded_lines": [], "start_line": 52}, "ensure_dir": {"executed_lines": [], "summary": {"covered_lines": 0, "num_statements": 3, "percent_covered": 0.0, "percent_covered_display": "0", "missing_lines": 3, "excluded_lines": 0, "percent_statements_covered": 0.0, "percent_statements_covered_display": "0"}, "missing_lines": [57, 58, 59], "excluded_lines": [], "start_line": 56}, "human_size": {"executed_lines": [63, 64, 65, 66, 67], "summary": {"covered_lines": 5, "num_statements": 6, "percent_covered": 83.33333333333333, "percent_covered_display": "83", "missing_lines": 1, "excluded_lines": 0, "percent_statements_covered": 83.33333333333333, "percent_statements_covered_display": "83"}, "missing_lines": [68], "excluded_lines": [], "start_line": 62}, "sanitize_filename": {"executed_lines": [73, 74, 75, 76, 77, 78], "summary": {"covered_lines": 6, "num_statements": 6, "percent_covered": 100.0, "percent_covered_display": "100", "missing_lines": 0, "excluded_lines": 0, "percent_statements_covered": 100.0, "percent_statements_covered_display": "100"}, "missing_lines": [], "excluded_lines": [], "start_line": 71}, "": {"executed_lines": [2, 4, 5, 6, 7, 9, 12, 16, 28, 32, 52, 56, 62, 71], "summary": {"covered_lines": 14, "num_statements": 14, "percent_covered": 100.0, "percent_covered_display": "100", "missing_lines": 0, "excluded_lines": 0, "percent_statements_covered": 100.0, "percent_statements_covered_display": "100"}, "missing_lines": [], "excluded_lines": [], "start_line": 1}}, "classes": {"": {"executed_lines": [2, 4, 5, 6, 7, 9, 12, 13, 16, 18, 19, 20, 21, 22, 23, 24, 25, 28, 32, 34, 35, 36, 37, 38, 39, 40, 41, 42, 43, 52, 53, 56, 62, 63, 64, 65, 66, 67, 71, 73, 74, 75, 76, 77, 78], "summary": {"covered_lines": 45, "num_statements": 56, "percent_covered": 80.35714285714286, "percent_covered_display": "80", "missing_lines": 11, "excluded_lines": 0, "percent_statements_covered": 80.35714285714286, "percent_statements_covered_display": "80"}, "missing_lines": [29, 44, 45, 46, 47, 48, 49, 57, 58, 59, 68], "excluded_lines": [], "start_line": 1}}}}, "totals": {"covered_lines": 2407, "num_statements": 2703, "percent_covered": 89.04920458749538, "percent_covered_display": "89", "missing_lines": 296, "excluded_lines": 15, "percent_statements_covered": 89.04920458749538, "percent_statements_covered_display": "89"}}